[2020-07-22 11:15:57.279065] INFO: interface: 加载测试用例数据：[{'id': 'driverRegister_001', 'casename': '获取验证码', 'preset': '', 'header': '', 'depend': '', 'url': 'https://dev.yuedaowang.com/api/user/getVCode', 'parame': '{"cell":"13600000000"}', 'patype': 'JSON', 'method': 'POST', 'yq': '$..code=0\n$..msg=success\n$..data=验证码已经发送至您的手机'}, {'id': 'driverRegister_002', 'casename': '登录', 'preset': '', 'header': '', 'depend': '', 'url': 'https://dev.yuedaowang.com/api/user/userRegAndLogin', 'parame': '{"cell":"13600000000","vcode":"709861","password":"B59C67BF196A4758191E42F76670CEBA"}', 'patype': 'JSON', 'method': 'POST', 'yq': '$..code=0\n$..msg=success'}, {'id': 'driverRegister_003', 'casename': '更新密码', 'preset': '', 'header': '', 'depend': '', 'url': 'https://dev.yuedaowang.com/api/user/createPassword', 'parame': '{\n  "password": "B59C67BF196A4758191E42F76670CEBA",\n  "vcode": "323211"\n}', 'patype': 'JSON', 'method': 'POST', 'yq': '$..code=0\n$..msg=success'}, {'id': 'driverRegister_004', 'casename': '查询用户信息', 'preset': '', 'header': '', 'depend': '', 'url': 'https://dev.yuedaowang.com/api/user/searchUser', 'parame': '', 'patype': 'JSON', 'method': 'GET', 'yq': '$..code=0\n$..msg=success'}]
[2020-07-22 11:15:57.307997] INFO: interface: 加载测试用例数据：[{'id': 'driverRegister_001', 'casename': '获取验证码', 'preset': '', 'header': '', 'depend': '', 'url': 'https://dev.yuedaowang.com/api/user/getVCode', 'parame': '{"cell":"13600000000"}', 'patype': 'JSON', 'method': 'POST', 'yq': '$..code=0\n$..msg=success\n$..data=验证码已经发送至您的手机'}, {'id': 'driverRegister_002', 'casename': '登录', 'preset': '', 'header': '', 'depend': '', 'url': 'https://dev.yuedaowang.com/api/user/userRegAndLogin', 'parame': '{"cell":"13600000000","vcode":"709861","password":"B59C67BF196A4758191E42F76670CEBA"}', 'patype': 'JSON', 'method': 'POST', 'yq': '$..code=0\n$..msg=success'}, {'id': 'driverRegister_003', 'casename': '更新密码', 'preset': '', 'header': '', 'depend': '', 'url': 'https://dev.yuedaowang.com/api/user/createPassword', 'parame': '{\n  "password": "B59C67BF196A4758191E42F76670CEBA",\n  "vcode": "323211"\n}', 'patype': 'JSON', 'method': 'POST', 'yq': '$..code=0\n$..msg=success'}, {'id': 'driverRegister_004', 'casename': '查询用户信息', 'preset': '', 'header': '', 'depend': '', 'url': 'https://dev.yuedaowang.com/api/user/searchUser', 'parame': '', 'patype': 'JSON', 'method': 'GET', 'yq': '$..code=0\n$..msg=success'}]
[2020-07-22 11:15:57.313969] INFO: interface: 测试用例开始执行
[2020-07-22 11:15:57.315970] INFO: interface: 运行位置:test_atest_api
[2020-07-22 11:15:57.317969] INFO: interface: 用例编号：driverRegister_001
[2020-07-22 11:15:57.318966] INFO: interface: 用例名称：获取验证码
[2020-07-22 11:15:57.320921] INFO: interface: 请求url：https://dev.yuedaowang.com/api/user/getVCode
[2020-07-22 11:15:57.322916] INFO: interface: 预置条件：
[2020-07-22 11:15:57.323914] INFO: interface: 预置header：
[2020-07-22 11:15:57.325908] INFO: interface: 依赖关系：
[2020-07-22 11:15:57.326905] INFO: interface: 请求参数：{"cell":"13600000000"}
[2020-07-22 11:15:57.328901] INFO: interface: 参数类型：JSON
[2020-07-22 11:15:57.329898] INFO: interface: 请求方式：POST
[2020-07-22 11:15:59.655678] INFO: interface: 请求结果：{"code":0,"msg":"success","data":"验证码已经发送至您的手机！378499"}
[2020-07-22 11:15:59.659666] INFO: interface: 预期结果：$..code=0||$..msg=success||$..data=验证码已经发送至您的手机
[2020-07-22 11:15:59.671633] INFO: interface: 断言成功：driverRegister_001
[2020-07-22 11:15:59.673627] INFO: interface: 测试用例执行完毕
[2020-07-22 11:15:59.676619] INFO: interface: ===========================================================================
[2020-07-22 11:15:59.678614] INFO: interface: 测试用例开始执行
[2020-07-22 11:15:59.681606] INFO: interface: 运行位置:test_atest_api
[2020-07-22 11:15:59.683600] INFO: interface: 用例编号：driverRegister_002
[2020-07-22 11:15:59.685595] INFO: interface: 用例名称：登录
[2020-07-22 11:15:59.687589] INFO: interface: 请求url：https://dev.yuedaowang.com/api/user/userRegAndLogin
[2020-07-22 11:15:59.689585] INFO: interface: 预置条件：
[2020-07-22 11:15:59.692577] INFO: interface: 预置header：
[2020-07-22 11:15:59.694572] INFO: interface: 依赖关系：
[2020-07-22 11:15:59.697564] INFO: interface: 请求参数：{"cell":"13600000000","vcode":"709861","password":"B59C67BF196A4758191E42F76670CEBA"}
[2020-07-22 11:15:59.699558] INFO: interface: 参数类型：JSON
[2020-07-22 11:15:59.701553] INFO: interface: 请求方式：POST
[2020-07-22 11:16:01.785237] INFO: interface: 请求结果：{"code":1,"msg":"登录失败！短信验证码错误","data":null}
[2020-07-22 11:16:01.787233] INFO: interface: 预期结果：$..code=0||$..msg=success
[2020-07-22 11:16:01.789227] INFO: interface: 测试用例执行完毕
[2020-07-22 11:16:01.790225] INFO: interface: ===========================================================================
[2020-07-22 11:16:01.903920] INFO: interface: 测试用例开始执行
[2020-07-22 11:16:01.905917] INFO: interface: 运行位置:test_atest_api
[2020-07-22 11:16:01.906913] INFO: interface: 用例编号：driverRegister_003
[2020-07-22 11:16:01.908908] INFO: interface: 用例名称：更新密码
[2020-07-22 11:16:01.909904] INFO: interface: 请求url：https://dev.yuedaowang.com/api/user/createPassword
[2020-07-22 11:16:01.911898] INFO: interface: 预置条件：
[2020-07-22 11:16:01.912895] INFO: interface: 预置header：
[2020-07-22 11:16:01.913892] INFO: interface: 依赖关系：
[2020-07-22 11:16:01.915889] INFO: interface: 请求参数：{
  "password": "B59C67BF196A4758191E42F76670CEBA",
  "vcode": "323211"
}
[2020-07-22 11:16:01.916886] INFO: interface: 参数类型：JSON
[2020-07-22 11:16:01.918838] INFO: interface: 请求方式：POST
[2020-07-22 11:16:04.017001] INFO: interface: 请求结果：{"code":1,"msg":"解析token异常！","data":"{\"error\":\"invalid_request\",\"error_description\":\"Authentication failed.\"}"}
[2020-07-22 11:16:04.018993] INFO: interface: 预期结果：$..code=0||$..msg=success
[2020-07-22 11:16:04.021988] INFO: interface: 测试用例执行完毕
[2020-07-22 11:16:04.023982] INFO: interface: ===========================================================================
[2020-07-22 11:16:04.026980] INFO: interface: 测试用例开始执行
[2020-07-22 11:16:04.028559] INFO: interface: 运行位置:test_atest_api
[2020-07-22 11:16:04.030528] INFO: interface: 用例编号：driverRegister_004
[2020-07-22 11:16:04.032525] INFO: interface: 用例名称：查询用户信息
[2020-07-22 11:16:04.034474] INFO: interface: 请求url：https://dev.yuedaowang.com/api/user/searchUser
[2020-07-22 11:16:04.036468] INFO: interface: 预置条件：
[2020-07-22 11:16:04.038464] INFO: interface: 预置header：
[2020-07-22 11:16:04.040458] INFO: interface: 依赖关系：
[2020-07-22 11:16:04.042453] INFO: interface: 请求参数：
[2020-07-22 11:16:04.044447] INFO: interface: 参数类型：JSON
[2020-07-22 11:16:04.046449] INFO: interface: 请求方式：GET
[2020-07-22 11:16:04.180128] INFO: interface: 测试用例执行完毕
[2020-07-22 11:16:04.182124] INFO: interface: ===========================================================================
[2020-07-22 11:16:04.184118] INFO: interface: 测试用例开始执行
[2020-07-22 11:16:04.186113] INFO: interface: 运行位置:test_atest_api
[2020-07-22 11:16:04.188106] INFO: interface: 用例编号：driverRegister_001
[2020-07-22 11:16:04.189082] INFO: interface: 用例名称：获取验证码
[2020-07-22 11:16:04.191098] INFO: interface: 请求url：https://dev.yuedaowang.com/api/user/getVCode
[2020-07-22 11:16:04.193093] INFO: interface: 预置条件：
[2020-07-22 11:16:04.194093] INFO: interface: 预置header：
[2020-07-22 11:16:04.196086] INFO: interface: 依赖关系：
[2020-07-22 11:16:04.198083] INFO: interface: 请求参数：{"cell":"13600000000"}
[2020-07-22 11:16:04.199077] INFO: interface: 参数类型：JSON
[2020-07-22 11:16:04.201074] INFO: interface: 请求方式：POST
[2020-07-22 11:16:06.388602] INFO: interface: 请求结果：{"code":0,"msg":"success","data":"验证码已经发送至您的手机！388712"}
[2020-07-22 11:16:06.391583] INFO: interface: 预期结果：$..code=0||$..msg=success||$..data=验证码已经发送至您的手机
[2020-07-22 11:16:06.394575] INFO: interface: 断言成功：driverRegister_001
[2020-07-22 11:16:06.397568] INFO: interface: 测试用例执行完毕
[2020-07-22 11:16:06.400558] INFO: interface: ===========================================================================
[2020-07-22 11:16:06.402553] INFO: interface: 测试用例开始执行
[2020-07-22 11:16:06.405546] INFO: interface: 运行位置:test_atest_api
[2020-07-22 11:16:06.407547] INFO: interface: 用例编号：driverRegister_002
[2020-07-22 11:16:06.410534] INFO: interface: 用例名称：登录
[2020-07-22 11:16:06.412489] INFO: interface: 请求url：https://dev.yuedaowang.com/api/user/userRegAndLogin
[2020-07-22 11:16:06.414523] INFO: interface: 预置条件：
[2020-07-22 11:16:06.417520] INFO: interface: 预置header：
[2020-07-22 11:16:06.419510] INFO: interface: 依赖关系：
[2020-07-22 11:16:06.421502] INFO: interface: 请求参数：{"cell":"13600000000","vcode":"709861","password":"B59C67BF196A4758191E42F76670CEBA"}
[2020-07-22 11:16:06.422503] INFO: interface: 参数类型：JSON
[2020-07-22 11:16:06.423499] INFO: interface: 请求方式：POST
[2020-07-22 11:16:08.482088] INFO: interface: 请求结果：{"code":1,"msg":"登录失败！短信验证码错误","data":null}
[2020-07-22 11:16:08.485081] INFO: interface: 预期结果：$..code=0||$..msg=success
[2020-07-22 11:16:08.488040] INFO: interface: 测试用例执行完毕
[2020-07-22 11:16:08.491025] INFO: interface: ===========================================================================
[2020-07-22 11:16:08.497009] INFO: interface: 测试用例开始执行
[2020-07-22 11:16:08.499995] INFO: interface: 运行位置:test_atest_api
[2020-07-22 11:16:08.502032] INFO: interface: 用例编号：driverRegister_003
[2020-07-22 11:16:08.505039] INFO: interface: 用例名称：更新密码
[2020-07-22 11:16:08.507981] INFO: interface: 请求url：https://dev.yuedaowang.com/api/user/createPassword
[2020-07-22 11:16:08.509967] INFO: interface: 预置条件：
[2020-07-22 11:16:08.512968] INFO: interface: 预置header：
[2020-07-22 11:16:08.515952] INFO: interface: 依赖关系：
[2020-07-22 11:16:08.518944] INFO: interface: 请求参数：{
  "password": "B59C67BF196A4758191E42F76670CEBA",
  "vcode": "323211"
}
[2020-07-22 11:16:08.520983] INFO: interface: 参数类型：JSON
[2020-07-22 11:16:08.521936] INFO: interface: 请求方式：POST
[2020-07-22 11:16:10.626755] INFO: interface: 请求结果：{"code":1,"msg":"解析token异常！","data":"{\"error\":\"invalid_request\",\"error_description\":\"Authentication failed.\"}"}
[2020-07-22 11:16:10.626755] INFO: interface: 预期结果：$..code=0||$..msg=success
[2020-07-22 11:16:10.627743] INFO: interface: 测试用例执行完毕
[2020-07-22 11:16:10.627743] INFO: interface: ===========================================================================
[2020-07-22 11:16:10.628741] INFO: interface: 测试用例开始执行
[2020-07-22 11:16:10.628741] INFO: interface: 运行位置:test_atest_api
[2020-07-22 11:16:10.629738] INFO: interface: 用例编号：driverRegister_004
[2020-07-22 11:16:10.629738] INFO: interface: 用例名称：查询用户信息
[2020-07-22 11:16:10.629738] INFO: interface: 请求url：https://dev.yuedaowang.com/api/user/searchUser
[2020-07-22 11:16:10.630736] INFO: interface: 预置条件：
[2020-07-22 11:16:10.630736] INFO: interface: 预置header：
[2020-07-22 11:16:10.631733] INFO: interface: 依赖关系：
[2020-07-22 11:16:10.631733] INFO: interface: 请求参数：
[2020-07-22 11:16:10.631733] INFO: interface: 参数类型：JSON
[2020-07-22 11:16:10.632731] INFO: interface: 请求方式：GET
[2020-07-22 11:16:10.701546] INFO: interface: 测试用例执行完毕
[2020-07-22 11:16:10.701546] INFO: interface: ===========================================================================
