[2021-03-01 18:57:23.315011] INFO: interface: 加载测试用例数据：[{'id': 'passenger_001', 'casename': '正确登录', 'preset': '', 'header': '{"Content-Type":"application/json"}', 'depend': '', 'url': 'https://dev.yuedaowang.com/passenger/login', 'parame': '{"params":{"password":"11111111","cell":"15203700774"},"protocol":{"appkey":"ydxapp-2017","channel":"1","lat":31.2321,"lng":121.365913,"os":"android","token":"","ver":"235"}}', 'patype': 'JSON', 'method': 'POST', 'yq': '$..code=0\n$..msg=success'}, {'id': 'passenger_002', 'casename': '正确用户名错误密码登录', 'preset': '', 'header': '{"Content-Type":"application/json"}', 'depend': '', 'url': 'https://dev.yuedaowang.com/passenger/login', 'parame': '{"params":{"password":"111","cell":"15203700774"},"protocol":{"appkey":"ydxapp-2017","channel":"1","lat":31.2321,"lng":121.365913,"os":"android","token":"","ver":"235"}}', 'patype': 'JSON', 'method': 'POST', 'yq': '$..code=80\n$..msg=账号或者密码错误，登录失败'}]
[2021-03-01 18:57:23.319997] INFO: interface: 测试用例开始执行
[2021-03-01 18:57:23.319997] INFO: interface: 运行位置:test_atest_api
[2021-03-01 18:57:23.319997] INFO: interface: 用例编号：passenger_001
[2021-03-01 18:57:23.319997] INFO: interface: 用例名称：正确登录
[2021-03-01 18:57:23.319997] INFO: interface: 请求url：https://dev.yuedaowang.com/passenger/login
[2021-03-01 18:57:23.319997] INFO: interface: 预置条件：
[2021-03-01 18:57:23.319997] INFO: interface: 预置header：{"Content-Type":"application/json"}
[2021-03-01 18:57:23.319997] INFO: interface: 依赖关系：
[2021-03-01 18:57:23.319997] INFO: interface: 请求参数：{"params":{"password":"11111111","cell":"15203700774"},"protocol":{"appkey":"ydxapp-2017","channel":"1","lat":31.2321,"lng":121.365913,"os":"android","token":"","ver":"235"}}
[2021-03-01 18:57:23.319997] INFO: interface: 参数类型：JSON
[2021-03-01 18:57:23.319997] INFO: interface: 请求方式：POST
[2021-03-01 18:57:23.594170] INFO: interface: 请求结果：{"code":0,"msg":"success","data":{"token":"MjYzNnwxNjE0ODUzOTc4NDY2fIpF2FnWKSLlstzJIxhGabxQx52MklPXO0J51uDnsXg5"}}
[2021-03-01 18:57:23.594170] INFO: interface: 预期结果：$..code=0||$..msg=success
[2021-03-01 18:57:23.595169] INFO: interface: 断言成功，用例编号：passenger_001
[2021-03-01 18:57:23.595169] INFO: interface: 测试用例执行完毕
[2021-03-01 18:57:23.595169] INFO: interface: ===========================================================================
[2021-03-01 18:57:23.595169] INFO: interface: 测试用例开始执行
[2021-03-01 18:57:23.595169] INFO: interface: 运行位置:test_atest_api
[2021-03-01 18:57:23.595169] INFO: interface: 用例编号：passenger_002
[2021-03-01 18:57:23.595169] INFO: interface: 用例名称：正确用户名错误密码登录
[2021-03-01 18:57:23.596165] INFO: interface: 请求url：https://dev.yuedaowang.com/passenger/login
[2021-03-01 18:57:23.596165] INFO: interface: 预置条件：
[2021-03-01 18:57:23.596165] INFO: interface: 预置header：{"Content-Type":"application/json"}
[2021-03-01 18:57:23.596165] INFO: interface: 依赖关系：
[2021-03-01 18:57:23.596165] INFO: interface: 请求参数：{"params":{"password":"111","cell":"15203700774"},"protocol":{"appkey":"ydxapp-2017","channel":"1","lat":31.2321,"lng":121.365913,"os":"android","token":"","ver":"235"}}
[2021-03-01 18:57:23.596165] INFO: interface: 参数类型：JSON
[2021-03-01 18:57:23.596165] INFO: interface: 请求方式：POST
[2021-03-01 18:57:23.674216] INFO: interface: 请求结果：{"code":80,"msg":"账号或者密码错误，登录失败","data":null}
[2021-03-01 18:57:23.674216] INFO: interface: 预期结果：$..code=80||$..msg=账号或者密码错误，登录失败
[2021-03-01 18:57:23.674216] INFO: interface: 断言成功，用例编号：passenger_002
[2021-03-01 18:57:23.675231] INFO: interface: 测试用例执行完毕
[2021-03-01 18:57:23.675231] INFO: interface: ===========================================================================
