[2020-07-10 13:28:33.417891] INFO: interface: 测试用例开始执行
[2020-07-10 13:28:33.418891] INFO: interface: 运行位置:test_atest_api
[2020-07-10 13:28:33.418891] INFO: interface: 用例编号：Dispatch_001
[2020-07-10 13:28:33.419891] INFO: interface: 用例名称：获取某场股东大会数据
[2020-07-10 13:28:33.420891] INFO: interface: 请求url：http://sivs.sseinfotest.com:9001/monitor/eventDetail.do
[2020-07-10 13:28:33.420891] INFO: interface: 预置条件：
[2020-07-10 13:28:33.421891] INFO: interface: 预置header：
[2020-07-10 13:28:33.421891] INFO: interface: 依赖关系：
[2020-07-10 13:28:33.422891] INFO: interface: 请求参数：{"eventId":"17485","method":"post","taskDate":"2020-07-09"}
[2020-07-10 13:28:33.423891] INFO: interface: 参数类型：application/json
[2020-07-10 13:28:33.424891] INFO: interface: 请求方式：POST
[2020-07-10 13:28:36.096044] INFO: interface: 请求结果：{"status":"SUCCESS","message":"success!","data":{"groupList":[{"groupId":"1038162","groupDesc":"董监高获取","groupCode":"GET_DJG","groupStatus":"1","eventId":"17485","eventName":null,"groupDependencyCode":null,"createTime":"2020-07-09T10:44:30","updateTime":null,"taskList":[{"taskId":100284611,"taskCode":"V0001","taskStatus":"7","taskRank":3,"warningTime":"2020-07-09T23:59:00","startTime":"2020-07-09T05:30:00","isValid":"1","createTime":"2020-07-10T13:20:40","updateTime":"2020-07-10T13:20:40","scheduleFlag":null,"groupId":1038162,"groupCode":"GET_DJG","groupStatus":null,"eventId":"17485","eventName":"自动化测试股东大会1353","groupDependencyId":null,"ftpTask":"0","taskDesc":"获取上市公司董监高数据","taskDate":"2020-07-09"},{"taskId":100285053,"taskCode":"V0001","taskStatus":"1","taskRank":3,"warningTime":"2020-07-09T23:59:00","startTime":"2020-07-09T05:30:00","isValid":"1","createTime":"2020-07-10T13:21:11","updateTime":"2020-07-10T13:21:12","scheduleFlag":"HAND_WORK","groupId":1038162,"groupCode":"GET_DJG","groupStatus":null,"eventId":"17485","eventName":"自动化测试股东大会1353","groupDependencyId":null,"ftpTask":"0","taskDesc":"获取上市公司董监高数据","taskDate":"2020-07-09"}]},{"groupId":"1038163","groupDesc":"获取A股收盘价","groupCode":"GET_PRICE_A","groupStatus":"2","eventId":"17485","eventName":null,"groupDependencyCode":null,"createTime":"2020-07-09T10:44:30","updateTime":null,"taskList":[{"taskId":100284612,"taskCode":"V0002","taskStatus":"7","taskRank":4,"warningTime":"2020-07-09T23:59:00","startTime":"2020-07-09T06:30:00","isValid":"1","createTime":"2020-07-10T13:20:40","updateTime":"2020-07-10T13:20:40","scheduleFlag":null,"groupId":1038163,"groupCode":"GET_PRICE_A","groupStatus":null,"eventId":"17485","eventName":"自动化测试股东大会1353","groupDependencyId":null,"ftpTask":"0","taskDesc":"获取入库A股登记日收盘价","taskDate":"2020-07-09"}]},{"groupId":"1038164","groupDesc":"A股股权处理","groupCode":"EQUITY_A","groupStatus":"2","eventId":"17485","eventName":null,"groupDependencyCode":null,"createTime":"2020-07-09T10:44:30","updateTime":null,"taskList":[{"taskId":100284613,"taskCode":"V0201","taskStatus":"7","taskRank":6,"warningTime":"2020-07-09T07:10:00","startTime":"2020-07-09T07:00:00","isValid":"1","createTime":"2020-07-10T13:20:40","updateTime":"2020-07-10T13:20:40","scheduleFlag":null,"groupId":1038164,"groupCode":"EQUITY_A","groupStatus":null,"eventId":"17485","eventName":"自动化测试股东大会1353","groupDependencyId":null,"ftpTask":"1","taskDesc":"获取A股股权文件","taskDate":"2020-07-09"},{"taskId":100284614,"taskCode":"V0202","taskStatus":"7","taskRank":7,"warningTime":"2020-07-09T23:59:00","startTime":"2020-07-09T07:00:00","isValid":"1","createTime":"2020-07-10T13:20:40","updateTime":"2020-07-10T13:20:40","scheduleFlag":null,"groupId":1038164,"groupCode":"EQUITY_A","groupStatus":null,"eventId":"17485","eventName":"自动化测试股东大会1353","groupDependencyId":null,"ftpTask":"0","taskDesc":"A股股权文件解析入库","taskDate":"2020-07-09"},{"taskId":100284615,"taskCode":"V0203","taskStatus":"7","taskRank":8,"warningTime":"2020-07-09T23:59:00","startTime":"2020-07-09T07:00:00","isValid":"1","createTime":"2020-07-10T13:20:40","updateTime":"2020-07-10T13:20:40","scheduleFlag":null,"groupId":1038164,"groupCode":"EQUITY_A","groupStatus":null,"eventId":"17485","eventName":"自动化测试股东大会1353","groupDependencyId":null,"ftpTask":"0","taskDesc":"A股股权文件发布","taskDate":"2020-07-09"}]},{"groupId":"1038165","groupDesc":"E账号获取-融资融券","groupCode":"EQUITY_E_RZRQ","groupStatus":"3","eventId":"17485","eventName":null,"groupDependencyCode":null,"createTime":"2020-07-09T10:44:30","updateTime":null,"taskList":[{"taskId":100284616,"taskCode":"V0401","taskStatus":"6","taskRank":12,"warningTime":"2020-07-09T07:10:00","startTime":"2020-07-09T07:00:00","isValid":"1","createTime":"2020-07-10T13:20:40","updateTime":"2020-07-10T13:21:39","scheduleFlag":"AUTO_SCHEDULE","groupId":1038165,"groupCode":"EQUITY_E_RZRQ","groupStatus":null,"eventId":"17485","eventName":"自动化测试股东大会1353","groupDependencyId":null,"ftpTask":"1","taskDesc":"获取融资融券E帐户持有文件","taskDate":"2020-07-09"},{"taskId":100284617,"taskCode":"V0402","taskStatus":"7","taskRank":13,"warningTime":"2020-07-09T23:59:00","startTime":"2020-07-09T07:00:00","isValid":"1","createTime":"2020-07-10T13:20:40","updateTime":"2020-07-10T13:20:40","scheduleFlag":null,"groupId":1038165,"groupCode":"EQUITY_E_RZRQ","groupStatus":null,"eventId":"17485","eventName":"自动化测试股东大会1353","groupDependencyId":null,"ftpTask":"0","taskDesc":"取融资融券E帐户持有文件解析入库","taskDate":"2020-07-09"}]},{"groupId":"1038166","groupDesc":"E账号拆分-融资融券","groupCode":"EQUITY_E_SP_RZRQ","groupStatus":"2","eventId":"17485","eventName":null,"groupDependencyCode":"EQUITY_A,EQUITY_E_RZRQ","createTime":"2020-07-09T10:44:30","updateTime":null,"taskList":[{"taskId":100284618,"taskCode":"V0501","taskStatus":"7","taskRank":14,"warningTime":"2020-07-09T23:59:00","startTime":"2020-07-09T07:00:00","isValid":"1","createTime":"2020-07-10T13:20:40","updateTime":"2020-07-10T13:20:40","scheduleFlag":null,"groupId":1038166,"groupCode":"EQUITY_E_SP_RZRQ","groupStatus":null,"eventId":"17485","eventName":"自动化测试股东大会1353","groupDependencyId":"1038164,1038165","ftpTask":"0","taskDesc":"融资融券E帐户拆分","taskDate":"2020-07-09"},{"taskId":100284619,"taskCode":"V0502","taskStatus":"7","taskRank":15,"warningTime":"2020-07-09T23:59:00","startTime":"2020-07-09T07:00:00","isValid":"1","createTime":"2020-07-10T13:20:40","updateTime":"2020-07-10T13:20:40","scheduleFlag":null,"groupId":1038166,"groupCode":"EQUITY_E_SP_RZRQ","groupStatus":null,"eventId":"17485","eventName":"自动化测试股东大会1353","groupDependencyId":"1038164,1038165","ftpTask":"0","taskDesc":"融资融券E帐户发布","taskDate":"2020-07-09"}]},{"groupId":"1038167","groupDesc":"E账号获取-转融通","groupCode":"EQUITY_E_ZRT","groupStatus":"3","eventId":"17485","eventName":null,"groupDependencyCode":null,"createTime":"2020-07-09T10:44:30","updateTime":null,"taskList":[{"taskId":100284620,"taskCode":"V0601","taskStatus":"6","taskRank":16,"warningTime":"2020-07-09T07:10:00","startTime":"2020-07-09T07:00:00","isValid":"1","createTime":"2020-07-10T13:20:40","updateTime":"2020-07-10T13:21:39","scheduleFlag":"AUTO_SCHEDULE","groupId":1038167,"groupCode":"EQUITY_E_ZRT","groupStatus":null,"eventId":"17485","eventName":"自动化测试股东大会1353","groupDependencyId":null,"ftpTask":"1","taskDesc":"获取转融通E帐户持有文件","taskDate":"2020-07-09"},{"taskId":100284621,"taskCode":"V0602","taskStatus":"7","taskRank":17,"warningTime":"2020-07-09T23:59:00","startTime":"2020-07-09T07:00:00","isValid":"1","createTime":"2020-07-10T13:20:40","updateTime":"2020-07-10T13:20:40","scheduleFlag":null,"groupId":1038167,"groupCode":"EQUITY_E_ZRT","groupStatus":null,"eventId":"17485","eventName":"自动化测试股东大会1353","groupDependencyId":null,"ftpTask":"0","taskDesc":"转融通E帐户持有文件解析入库","taskDate":"2020-07-09"}]},{"groupId":"1038168","groupDesc":"E账号拆分-转融通","groupCode":"RIGHT_E_SP_ZRT","groupStatus":"2","eventId":"17485","eventName":null,"groupDependencyCode":"EQUITY_A,EQUITY_E_ZRT","createTime":"2020-07-09T10:44:30","updateTime":null,"taskList":[{"taskId":100284622,"taskCode":"V0701","taskStatus":"7","taskRank":18,"warningTime":"2020-07-09T23:59:00","startTime":"2020-07-09T07:00:00","isValid":"1","createTime":"2020-07-10T13:20:40","updateTime":"2020-07-10T13:20:40","scheduleFlag":null,"groupId":1038168,"groupCode":"RIGHT_E_SP_ZRT","groupStatus":null,"eventId":"17485","eventName":"自动化测试股东大会1353","groupDependencyId":"1038164,1038167","ftpTask":"0","taskDesc":"转融通E帐户拆分","taskDate":"2020-07-09"},{"taskId":100284623,"taskCode":"V0702","taskStatus":"7","taskRank":19,"warningTime":"2020-07-09T23:59:00","startTime":"2020-07-09T07:00:00","isValid":"1","createTime":"2020-07-10T13:20:40","updateTime":"2020-07-10T13:20:40","scheduleFlag":null,"groupId":1038168,"groupCode":"RIGHT_E_SP_ZRT","groupStatus":null,"eventId":"17485","eventName":"自动化测试股东大会1353","groupDependencyId":"1038164,1038167","ftpTask":"0","taskDesc":"转融通E帐户发布","taskDate":"2020-07-09"}]},{"groupId":"1038169","groupDesc":"网络投票文件处理-午间","groupCode":"WEB_FILE_NOON","groupStatus":"2","eventId":"17485","eventName":null,"groupDependencyCode":null,"createTime":"2020-07-09T10:44:30","updateTime":null,"taskList":[{"taskId":100284624,"taskCode":"V0801","taskStatus":"0","taskRank":20,"warningTime":"2020-07-09T11:45:00","startTime":"2020-07-09T11:35:00","isValid":"1","createTime":"2020-07-10T13:20:40","updateTime":"2020-07-10T13:22:07","scheduleFlag":"AUTO_SCHEDULE","groupId":1038169,"groupCode":"WEB_FILE_NOON","groupStatus":null,"eventId":"17485","eventName":"自动化测试股东大会1353","groupDependencyId":null,"ftpTask":"1","taskDesc":"获取网站投票文件-午间","taskDate":"2020-07-09"},{"taskId":100284625,"taskCode":"V0802","taskStatus":"7","taskRank":21,"warningTime":"2020-07-09T11:45:00","startTime":"2020-07-09T11:35:00","isValid":"1","createTime":"2020-07-10T13:20:40","updateTime":"2020-07-10T13:20:40","scheduleFlag":null,"groupId":1038169,"groupCode":"WEB_FILE_NOON","groupStatus":null,"eventId":"17485","eventName":"自动化测试股东大会1353","groupDependencyId":null,"ftpTask":"0","taskDesc":"网站投票文件解析入库-午间","taskDate":"2020-07-09"}]},{"groupId":"1038170","groupDesc":"网络投票文件处理-盘后","groupCode":"WEB_FILE_ALL","groupStatus":"2","eventId":"17485","eventName":null,"groupDependencyCode":null,"createTime":"2020-07-09T10:44:30","updateTime":null,"taskList":[{"taskId":100284626,"taskCode":"V0901","taskStatus":"7","taskRank":22,"warningTime":"2020-07-09T15:40:00","startTime":"2020-07-09T15:30:00","isValid":"1","createTime":"2020-07-10T13:20:40","updateTime":"2020-07-10T13:20:40","scheduleFlag":null,"groupId":1038170,"groupCode":"WEB_FILE_ALL","groupStatus":null,"eventId":"17485","eventName":"自动化测试股东大会1353","groupDependencyId":null,"ftpTask":"1","taskDesc":"获取网站投票文件-晚间","taskDate":"2020-07-09"},{"taskId":100284627,"taskCode":"V0902","taskStatus":"7","taskRank":23,"warningTime":"2020-07-09T23:59:00","startTime":"2020-07-09T15:30:00","isValid":"1","createTime":"2020-07-10T13:20:40","updateTime":"2020-07-10T13:20:40","scheduleFlag":null,"groupId":1038170,"groupCode":"WEB_FILE_ALL","groupStatus":null,"eventId":"17485","eventName":"自动化测试股东大会1353","groupDependencyId":null,"ftpTask":"0","taskDesc":"网站投票文件解析入库-晚间","taskDate":"2020-07-09"}]},{"groupId":"1038171","groupDesc":"综业投票处理-午间","groupCode":"ZY_FILE_NOON","groupStatus":"1","eventId":"17485","eventName":null,"groupDependencyCode":null,"createTime":"2020-07-09T10:44:30","updateTime":null,"taskList":[{"taskId":100284628,"taskCode":"V1002","taskStatus":"7","taskRank":25,"warningTime":"2020-07-09T11:45:00","startTime":"2020-07-09T11:35:00","isValid":"1","createTime":"2020-07-10T13:20:40","updateTime":"2020-07-10T13:21:18","scheduleFlag":"AUTO_SCHEDULE","groupId":1038171,"groupCode":"ZY_FILE_NOON","groupStatus":null,"eventId":"17485","eventName":"自动化测试股东大会1353","groupDependencyId":null,"ftpTask":"0","taskDesc":"综业系统投票文件解析入库-午间","taskDate":"2020-07-09"}]},{"groupId":"1038172","groupDesc":"综业投票处理-盘后","groupCode":"ZY_FILE_ALL","groupStatus":"2","eventId":"17485","eventName":null,"groupDependencyCode":null,"createTime":"2020-07-09T10:44:30","updateTime":null,"taskList":[{"taskId":100284629,"taskCode":"V1101","taskStatus":"7","taskRank":26,"warningTime":"2020-07-09T16:30:00","startTime":"2020-07-09T15:30:00","isValid":"1","createTime":"2020-07-10T13:20:40","updateTime":"2020-07-10T13:20:40","scheduleFlag":null,"groupId":1038172,"groupCode":"ZY_FILE_ALL","groupStatus":null,"eventId":"17485","eventName":"自动化测试股东大会1353","groupDependencyId":null,"ftpTask":"1","taskDesc":"获取综业系统投票文件-晚间","taskDate":"2020-07-09"},{"taskId":100284630,"taskCode":"V1102","taskStatus":"7","taskRank":27,"warningTime":"2020-07-09T23:59:00","startTime":"2020-07-09T15:30:00","isValid":"1","createTime":"2020-07-10T13:20:40","updateTime":"2020-07-10T13:20:40","scheduleFlag":null,"groupId":1038172,"groupCode":"ZY_FILE_ALL","groupStatus":null,"eventId":"17485","eventName":"自动化测试股东大会1353","groupDependencyId":null,"ftpTask":"0","taskDesc":"综业系统投票文件解析入库-晚间","taskDate":"2020-07-09"}]},{"groupId":"1038173","groupDesc":"现场投票处理","groupCode":"LOCAL_FILE","groupStatus":"2","eventId":"17485","eventName":null,"groupDependencyCode":null,"createTime":"2020-07-09T10:44:30","updateTime":null,"taskList":[{"taskId":100284631,"taskCode":"V1201","taskStatus":"7","taskRank":28,"warningTime":"2020-07-09T16:30:00","startTime":"2020-07-09T15:30:00","isValid":"1","createTime":"2020-07-10T13:20:40","updateTime":"2020-07-10T13:20:40","scheduleFlag":null,"groupId":1038173,"groupCode":"LOCAL_FILE","groupStatus":null,"eventId":"17485","eventName":"自动化测试股东大会1353","groupDependencyId":null,"ftpTask":"1","taskDesc":"获取现场投票文件","taskDate":"2020-07-09"},{"taskId":100284632,"taskCode":"V1202","taskStatus":"7","taskRank":29,"warningTime":"2020-07-09T23:59:00","startTime":"2020-07-09T15:30:00","isValid":"1","createTime":"2020-07-10T13:20:40","updateTime":"2020-07-10T13:20:40","scheduleFlag":null,"groupId":1038173,"groupCode":"LOCAL_FILE","groupStatus":null,"eventId":"17485","eventName":"自动化测试股东大会1353","groupDependencyId":null,"ftpTask":"0","taskDesc":"现场投票文件解析入库","taskDate":"2020-07-09"}]},{"groupId":"1038174","groupDesc":"融资融券投票处理","groupCode":"RZRQ_FILE","groupStatus":"2","eventId":"17485","eventName":null,"groupDependencyCode":"EQUITY_E_SP_RZRQ","createTime":"2020-07-09T10:44:30","updateTime":null,"taskList":[{"taskId":100284633,"taskCode":"V1301","taskStatus":"7","taskRank":30,"warningTime":"2020-07-09T16:00:00","startTime":"2020-07-09T15:30:00","isValid":"1","createTime":"2020-07-10T13:20:40","updateTime":"2020-07-10T13:20:40","scheduleFlag":null,"groupId":1038174,"groupCode":"RZRQ_FILE","groupStatus":null,"eventId":"17485","eventName":"自动化测试股东大会1353","groupDependencyId":"1038166","ftpTask":"1","taskDesc":"获取融资融券投票文件","taskDate":"2020-07-09"},{"taskId":100284634,"taskCode":"V1302","taskStatus":"7","taskRank":31,"warningTime":"2020-07-09T23:59:00","startTime":"2020-07-09T15:30:00","isValid":"1","createTime":"2020-07-10T13:20:40","updateTime":"2020-07-10T13:20:40","scheduleFlag":null,"groupId":1038174,"groupCode":"RZRQ_FILE","groupStatus":null,"eventId":"17485","eventName":"自动化测试股东大会1353","groupDependencyId":"1038166","ftpTask":"0","taskDesc":"融资融券投票文件解析入库","taskDate":"2020-07-09"}]},{"groupId":"1038175","groupDesc":"沪港通投票处理","groupCode":"HGT_FILE","groupStatus":"2","eventId":"17485","eventName":null,"groupDependencyCode":null,"createTime":"2020-07-09T10:44:30","updateTime":null,"taskList":[{"taskId":100284635,"taskCode":"V1401","taskStatus":"7","taskRank":32,"warningTime":"2020-07-09T16:00:00","startTime":"2020-07-09T15:30:00","isValid":"1","createTime":"2020-07-10T13:20:40","updateTime":"2020-07-10T13:20:40","scheduleFlag":null,"groupId":1038175,"groupCode":"HGT_FILE","groupStatus":null,"eventId":"17485","eventName":"自动化测试股东大会1353","groupDependencyId":null,"ftpTask":"1","taskDesc":"获取沪港通投票文件","taskDate":"2020-07-09"},{"taskId":100284636,"taskCode":"V1402","taskStatus":"7","taskRank":33,"warningTime":"2020-07-09T23:59:00","startTime":"2020-07-09T15:30:00","isValid":"1","createTime":"2020-07-10T13:20:40","updateTime":"2020-07-10T13:20:40","scheduleFlag":null,"groupId":1038175,"groupCode":"HGT_FILE","groupStatus":null,"eventId":"17485","eventName":"自动化测试股东大会1353","groupDependencyId":null,"ftpTask":"0","taskDesc":"沪港通投票文件解析入库","taskDate":"2020-07-09"}]},{"groupId":"1038176","groupDesc":"转融通投票处理","groupCode":"ZRT_FILE","groupStatus":"2","eventId":"17485","eventName":null,"groupDependencyCode":"RIGHT_E_SP_ZRT","createTime":"2020-07-09T10:44:30","updateTime":null,"taskList":[{"taskId":100284637,"taskCode":"V1501","taskStatus":"7","taskRank":34,"warningTime":"2020-07-09T12:00:00","startTime":"2020-07-09T11:30:00","isValid":"1","createTime":"2020-07-10T13:20:40","updateTime":"2020-07-10T13:20:40","scheduleFlag":null,"groupId":1038176,"groupCode":"ZRT_FILE","groupStatus":null,"eventId":"17485","eventName":"自动化测试股东大会1353","groupDependencyId":"1038168","ftpTask":"1","taskDesc":"获取转融通投票文件","taskDate":"2020-07-09"},{"taskId":100284638,"taskCode":"V1502","taskStatus":"7","taskRank":35,"warningTime":"2020-07-09T23:59:00","startTime":"2020-07-09T11:30:00","isValid":"1","createTime":"2020-07-10T13:20:40","updateTime":"2020-07-10T13:20:40","scheduleFlag":null,"groupId":1038176,"groupCode":"ZRT_FILE","groupStatus":null,"eventId":"17485","eventName":"自动化测试股东大会1353","groupDependencyId":"1038168","ftpTask":"0","taskDesc":"转融通投票文件解析入库","taskDate":"2020-07-09"}]},{"groupId":"1038177","groupDesc":"投票统计-午间","groupCode":"STATIC_NOON","groupStatus":"2","eventId":"17485","eventName":null,"groupDependencyCode":"GET_PRICE_A,GET_PRICE_B,GET_RATIO_B,EQUITY_A,EQUITY_B,EQUITY_E_RZRQ,EQUITY_E_SP_RZRQ,EQUITY_E_ZRT,RIGHT_E_SP_ZRT,WEB_FILE_NOON,ZY_FILE_NOON","createTime":"2020-07-09T10:44:30","updateTime":null,"taskList":[{"taskId":100284639,"taskCode":"V1600","taskStatus":"7","taskRank":35,"warningTime":"2020-07-09T23:59:00","startTime":"2020-07-09T11:35:00","isValid":"1","createTime":"2020-07-10T13:20:40","updateTime":"2020-07-10T13:20:40","scheduleFlag":null,"groupId":1038177,"groupCode":"STATIC_NOON","groupStatus":null,"eventId":"17485","eventName":"自动化测试股东大会1353","groupDependencyId":"1038163,1038164,1038165,1038166,1038167,1038168,1038169,1038171","ftpTask":"0","taskDesc":"获取上市公司董监高数据","taskDate":"2020-07-09"},{"taskId":100284640,"taskCode":"V1601","taskStatus":"7","taskRank":36,"warningTime":"2020-07-09T11:50:00","startTime":"2020-07-09T11:40:00","isValid":"1","createTime":"2020-07-10T13:20:40","updateTime":"2020-07-10T13:20:40","scheduleFlag":null,"groupId":1038177,"groupCode":"STATIC_NOON","groupStatus":null,"eventId":"17485","eventName":"自动化测试股东大会1353","groupDependencyId":"1038163,1038164,1038165,1038166,1038167,1038168,1038169,1038171","ftpTask":"0","taskDesc":"清洗股东大会投票数据（包括沪港通、转融通）-午间","taskDate":"2020-07-09"},{"taskId":100284641,"taskCode":"V1602","taskStatus":"7","taskRank":37,"warningTime":"2020-07-09T11:50:00","startTime":"2020-07-09T11:40:00","isValid":"1","createTime":"2020-07-10T13:20:40","updateTime":"2020-07-10T13:20:40","scheduleFlag":null,"groupId":1038177,"groupCode":"STATIC_NOON","groupStatus":null,"eventId":"17485","eventName":"自动化测试股东大会1353","groupDependencyId":"1038163,1038164,1038165,1038166,1038167,1038168,1038169,1038171","ftpTask":"0","taskDesc":"统计投票-午间","taskDate":"2020-07-09"},{"taskId":100284642,"taskCode":"V1603","taskStatus":"7","taskRank":38,"warningTime":"2020-07-09T11:50:00","startTime":"2020-07-09T11:40:00","isValid":"1","createTime":"2020-07-10T13:20:40","updateTime":"2020-07-10T13:20:40","scheduleFlag":null,"groupId":1038177,"groupCode":"STATIC_NOON","groupStatus":null,"eventId":"17485","eventName":"自动化测试股东大会1353","groupDependencyId":"1038163,1038164,1038165,1038166,1038167,1038168,1038169,1038171","ftpTask":"0","taskDesc":"生成投票统计报表文件-午间","taskDate":"2020-07-09"}]},{"groupId":"1038178","groupDesc":"投票统计-盘后","groupCode":"STATIC_ALL","groupStatus":"2","eventId":"17485","eventName":null,"groupDependencyCode":"GET_PRICE_A,GET_PRICE_B,GET_RATIO_B,EQUITY_A,EQUITY_B,EQUITY_E_RZRQ,EQUITY_E_SP_RZRQ,EQUITY_E_ZRT,RIGHT_E_SP_ZRT,WEB_FILE_ALL,ZY_FILE_ALL,LOCAL_FILE,RZRQ_FILE,HGT_FILE,ZRT_FILE","createTime":"2020-07-09T10:44:30","updateTime":null,"taskList":[{"taskId":100284643,"taskCode":"V1700","taskStatus":"7","taskRank":38,"warningTime":"2020-07-09T23:59:00","startTime":"2020-07-09T15:35:00","isValid":"1","createTime":"2020-07-10T13:20:40","updateTime":"2020-07-10T13:20:40","scheduleFlag":null,"groupId":1038178,"groupCode":"STATIC_ALL","groupStatus":null,"eventId":"17485","eventName":"自动化测试股东大会1353","groupDependencyId":"1038163,1038164,1038165,1038166,1038167,1038168,1038170,1038172,1038173,1038174,1038175,1038176","ftpTask":"0","taskDesc":"获取上市公司董监高数据","taskDate":"2020-07-09"},{"taskId":100284644,"taskCode":"V1701","taskStatus":"7","taskRank":39,"warningTime":"2020-07-09T23:59:00","startTime":"2020-07-09T15:35:00","isValid":"1","createTime":"2020-07-10T13:20:40","updateTime":"2020-07-10T13:20:40","scheduleFlag":null,"groupId":1038178,"groupCode":"STATIC_ALL","groupStatus":null,"eventId":"17485","eventName":"自动化测试股东大会1353","groupDependencyId":"1038163,1038164,1038165,1038166,1038167,1038168,1038170,1038172,1038173,1038174,1038175,1038176","ftpTask":"0","taskDesc":"清洗股东大会投票数据（包括沪港通、转融通）-晚间","taskDate":"2020-07-09"},{"taskId":100284645,"taskCode":"V1702","taskStatus":"7","taskRank":40,"warningTime":"2020-07-09T23:59:00","startTime":"2020-07-09T15:35:00","isValid":"1","createTime":"2020-07-10T13:20:40","updateTime":"2020-07-10T13:20:40","scheduleFlag":null,"groupId":1038178,"groupCode":"STATIC_ALL","groupStatus":null,"eventId":"17485","eventName":"自动化测试股东大会1353","groupDependencyId":"1038163,1038164,1038165,1038166,1038167,1038168,1038170,1038172,1038173,1038174,1038175,1038176","ftpTask":"0","taskDesc":"统计投票-晚间","taskDate":"2020-07-09"},{"taskId":100284646,"taskCode":"V1703","taskStatus":"7","taskRank":41,"warningTime":"2020-07-09T23:59:00","startTime":"2020-07-09T15:35:00","isValid":"1","createTime":"2020-07-10T13:20:40","updateTime":"2020-07-10T13:20:40","scheduleFlag":null,"groupId":1038178,"groupCode":"STATIC_ALL","groupStatus":null,"eventId":"17485","eventName":"自动化测试股东大会1353","groupDependencyId":"1038163,1038164,1038165,1038166,1038167,1038168,1038170,1038172,1038173,1038174,1038175,1038176","ftpTask":"0","taskDesc":"生成投票统计报表文件-晚间","taskDate":"2020-07-09"}]}],"eventName":"自动化测试股东大会1353","eventId":"17485"}}
[2020-07-10 13:28:36.098044] INFO: interface: 预期结果：$..status=SUCCESS
[2020-07-10 13:28:36.111045] INFO: interface: 测试用例执行完毕
[2020-07-10 13:28:36.112045] INFO: interface: ===========================================================================
[2020-07-10 13:28:36.113045] INFO: interface: 测试用例开始执行
[2020-07-10 13:28:36.113045] INFO: interface: 运行位置:test_atest_api
[2020-07-10 13:28:36.114045] INFO: interface: 用例编号：Dispatch_002
[2020-07-10 13:28:36.115045] INFO: interface: 用例名称：获取公共任务数据
[2020-07-10 13:28:36.115045] INFO: interface: 请求url：http://sivs.sseinfotest.com:9001/monitor/eventDetail.do
[2020-07-10 13:28:36.116045] INFO: interface: 预置条件：
[2020-07-10 13:28:36.116045] INFO: interface: 预置header：
[2020-07-10 13:28:36.117045] INFO: interface: 依赖关系：
[2020-07-10 13:28:36.118045] INFO: interface: 请求参数：{"method":"post","taskDate":"2020-07-09"}
[2020-07-10 13:28:36.118045] INFO: interface: 参数类型：application/json
[2020-07-10 13:28:36.119045] INFO: interface: 请求方式：POST
[2020-07-10 13:28:38.659190] INFO: interface: 请求结果：{"status":"SUCCESS","message":"success!","data":{"groupList":[{"groupId":"1038122","groupDesc":"更新股东大会","groupCode":"INIT_TASK","groupStatus":"1","eventId":"null","eventName":null,"groupDependencyCode":null,"createTime":"2020-07-08T16:01:22","updateTime":null,"taskList":[{"taskId":100284606,"taskCode":"C0001","taskStatus":"0","taskRank":1,"warningTime":"2020-07-09T23:59:00","startTime":"2020-07-09T05:00:00","isValid":"1","createTime":"2020-07-10T13:20:32","updateTime":"2020-07-10T13:20:33","scheduleFlag":"HAND_WORK","groupId":1038122,"groupCode":"INIT_TASK","groupStatus":null,"eventId":null,"eventName":"公共任务","groupDependencyId":null,"ftpTask":"0","taskDesc":"获取股东大会信息","taskDate":"2020-07-09"},{"taskId":100284607,"taskCode":"C0003","taskStatus":"1","taskRank":2,"warningTime":"2020-07-09T23:59:00","startTime":"2020-07-09T07:00:00","isValid":"1","createTime":"2020-07-10T13:20:32","updateTime":"2020-07-10T13:21:11","scheduleFlag":"AUTO_SCHEDULE","groupId":1038122,"groupCode":"INIT_TASK","groupStatus":null,"eventId":null,"eventName":"公共任务","groupDependencyId":null,"ftpTask":"0","taskDesc":"获取订单联系人","taskDate":"2020-07-09"}]},{"groupId":"1038123","groupDesc":"生成当日任务","groupCode":"GENERATE_TASK","groupStatus":"0","eventId":"null","eventName":null,"groupDependencyCode":null,"createTime":"2020-07-08T16:01:22","updateTime":null,"taskList":[{"taskId":100284608,"taskCode":"C0002","taskStatus":"0","taskRank":2,"warningTime":"2020-07-09T23:59:00","startTime":"2020-07-09T05:30:00","isValid":"1","createTime":"2020-07-10T13:20:35","updateTime":"2020-07-10T13:21:11","scheduleFlag":"HAND_WORK","groupId":1038123,"groupCode":"GENERATE_TASK","groupStatus":null,"eventId":null,"eventName":"公共任务","groupDependencyId":null,"ftpTask":"0","taskDesc":"生成当日股东大会任务","taskDate":"2020-07-09"}]},{"groupId":"1038124","groupDesc":"FTP下载任务","groupCode":"FTP_TASK","groupStatus":"2","eventId":"null","eventName":null,"groupDependencyCode":null,"createTime":"2020-07-09T05:27:25","updateTime":null,"taskList":[{"taskId":100284609,"taskCode":"C0101","taskStatus":"7","taskRank":42,"warningTime":"2020-07-09T23:59:00","startTime":"2020-07-09T07:00:00","isValid":"1","createTime":"2020-07-10T13:20:37","updateTime":"2020-07-10T13:21:18","scheduleFlag":"AUTO_SCHEDULE","groupId":1038124,"groupCode":"FTP_TASK","groupStatus":null,"eventId":null,"eventName":"公共任务","groupDependencyId":null,"ftpTask":"0","taskDesc":"FTP下载任务","taskDate":"2020-07-09"}]},{"groupId":"1038125","groupDesc":"关闭未完成的任务","groupCode":"CLOSE_TASK","groupStatus":"0","eventId":"null","eventName":null,"groupDependencyCode":null,"createTime":"2020-07-09T05:27:25","updateTime":null,"taskList":[{"taskId":100284610,"taskCode":"C0201","taskStatus":"0","taskRank":3,"warningTime":"2020-07-09T23:59:00","startTime":"2020-07-09T23:00:00","isValid":"1","createTime":"2020-07-10T13:20:37","updateTime":"2020-07-10T13:21:19","scheduleFlag":"AUTO_SCHEDULE","groupId":1038125,"groupCode":"CLOSE_TASK","groupStatus":null,"eventId":null,"eventName":"公共任务","groupDependencyId":null,"ftpTask":"0","taskDesc":"关闭未完成的任务","taskDate":"2020-07-09"}]}],"eventName":"公共任务","eventId":null}}
[2020-07-10 13:28:38.660190] INFO: interface: 预期结果：$..status=SUCCESS
[2020-07-10 13:28:38.662190] INFO: interface: 测试用例执行完毕
[2020-07-10 13:28:38.663191] INFO: interface: ===========================================================================
[2020-07-10 13:28:38.664191] INFO: interface: 测试用例开始执行
[2020-07-10 13:28:38.665191] INFO: interface: 运行位置:test_atest_api
[2020-07-10 13:28:38.666191] INFO: interface: 用例编号：Dispatch_003
[2020-07-10 13:28:38.668191] INFO: interface: 用例名称：新增券商D账户
[2020-07-10 13:28:38.669191] INFO: interface: 请求url：http://sivs.sseinfotest.com:9001/sivs/createQsDaccount.do
[2020-07-10 13:28:38.670191] INFO: interface: 预置条件：
[2020-07-10 13:28:38.671191] INFO: interface: 预置header：
[2020-07-10 13:28:38.671191] INFO: interface: 依赖关系：
[2020-07-10 13:28:38.672191] INFO: interface: 请求参数：{"daccount":"D111111111","qsCode":"00030","qsName":"自动化测试券商"}
[2020-07-10 13:28:38.673191] INFO: interface: 参数类型：application/json
[2020-07-10 13:28:38.673191] INFO: interface: 请求方式：POST
[2020-07-10 13:28:40.696307] INFO: interface: 请求结果：{"status":"SUCCESS","message":"成功!","data":null,"extraData":null}
[2020-07-10 13:28:40.698307] INFO: interface: 预期结果：$..status=SUCCESS||$..message=成功!
[2020-07-10 13:28:40.699307] INFO: interface: 测试用例执行完毕
[2020-07-10 13:28:40.700307] INFO: interface: ===========================================================================
[2020-07-10 13:28:40.701307] INFO: interface: 测试用例开始执行
[2020-07-10 13:28:40.701307] INFO: interface: 运行位置:test_atest_api
[2020-07-10 13:28:40.702307] INFO: interface: 用例编号：Dispatch_004
[2020-07-10 13:28:40.703307] INFO: interface: 用例名称：新增券商D账户
[2020-07-10 13:28:40.704307] INFO: interface: 请求url：http://sivs.sseinfotest.com:9001/sivs/createQsDaccount.do
[2020-07-10 13:28:40.704307] INFO: interface: 预置条件：
[2020-07-10 13:28:40.705307] INFO: interface: 预置header：
[2020-07-10 13:28:40.706307] INFO: interface: 依赖关系：
[2020-07-10 13:28:40.706307] INFO: interface: 请求参数：{"daccount":"D222222222","qsCode":"00030","qsName":"自动化测试券商"}
[2020-07-10 13:28:40.707307] INFO: interface: 参数类型：application/json
[2020-07-10 13:28:40.708307] INFO: interface: 请求方式：POST
[2020-07-10 13:28:42.728423] INFO: interface: 请求结果：{"status":"SUCCESS","message":"成功!","data":null,"extraData":null}
[2020-07-10 13:28:42.728423] INFO: interface: 预期结果：$..status=SUCCESS
[2020-07-10 13:28:42.729423] INFO: interface: 测试用例执行完毕
[2020-07-10 13:28:42.730423] INFO: interface: ===========================================================================
[2020-07-10 13:28:42.731423] INFO: interface: 测试用例开始执行
[2020-07-10 13:28:42.732423] INFO: interface: 运行位置:test_atest_api
[2020-07-10 13:28:42.735423] INFO: interface: 用例编号：Dispatch_005
[2020-07-10 13:28:42.736423] INFO: interface: 用例名称：更新股东大会
[2020-07-10 13:28:42.737424] INFO: interface: 请求url：http://sivs.sseinfotest.com:9001/egtSchedule/executeTask.do
[2020-07-10 13:28:42.738424] INFO: interface: 预置条件：
[2020-07-10 13:28:42.738424] INFO: interface: 预置header：
[2020-07-10 13:28:42.739424] INFO: interface: 依赖关系：{"Dispatch_002":["$..groupList[0]..taskId"]}
[2020-07-10 13:28:42.739424] INFO: interface: 请求参数：{"taskId":100284606,"postTaskReset": true,"method": "post"}
[2020-07-10 13:28:42.740424] INFO: interface: 参数类型：application/json
[2020-07-10 13:28:42.741424] INFO: interface: 请求方式：POST
[2020-07-10 13:28:45.598587] INFO: interface: 请求结果：{"status":"SUCCESS","message":"手工任务已受理,请稍后查看执行结果!(newTaskId=100285054)"}
[2020-07-10 13:28:45.599587] INFO: interface: 预期结果：$..status=SUCCESS
[2020-07-10 13:28:45.600587] INFO: interface: 测试用例执行完毕
[2020-07-10 13:28:45.601587] INFO: interface: ===========================================================================
[2020-07-10 13:28:45.602587] INFO: interface: 测试用例开始执行
[2020-07-10 13:28:45.602587] INFO: interface: 运行位置:test_atest_api
[2020-07-10 13:28:45.607588] INFO: interface: 用例编号：Dispatch_006
[2020-07-10 13:28:45.608588] INFO: interface: 用例名称：生成当日任务
[2020-07-10 13:28:45.609588] INFO: interface: 请求url：http://sivs.sseinfotest.com:9001/egtSchedule/executeTask.do
[2020-07-10 13:28:45.610588] INFO: interface: 预置条件：
[2020-07-10 13:28:45.611588] INFO: interface: 预置header：
[2020-07-10 13:28:45.612588] INFO: interface: 依赖关系：{"Dispatch_002":["$..groupList[1]..taskId"]}
[2020-07-10 13:28:45.613588] INFO: interface: 请求参数：{"taskId":100284608,"postTaskReset": true,"method": "post"}
[2020-07-10 13:28:45.614588] INFO: interface: 参数类型：application/json
[2020-07-10 13:28:45.614588] INFO: interface: 请求方式：POST
[2020-07-10 13:28:48.464751] INFO: interface: 请求结果：{"status":"SUCCESS","message":"手工任务已受理,请稍后查看执行结果!(newTaskId=100285056)"}
[2020-07-10 13:28:48.465751] INFO: interface: 预期结果：$..status=SUCCESS
[2020-07-10 13:28:48.465751] INFO: interface: 测试用例执行完毕
[2020-07-10 13:28:48.466751] INFO: interface: ===========================================================================
[2020-07-10 13:28:48.467751] INFO: interface: 测试用例开始执行
[2020-07-10 13:28:48.468751] INFO: interface: 运行位置:test_atest_api
[2020-07-10 13:28:48.471752] INFO: interface: 用例编号：Dispatch_007
[2020-07-10 13:28:48.472752] INFO: interface: 用例名称：FTP下载任务
[2020-07-10 13:28:48.473752] INFO: interface: 请求url：http://sivs.sseinfotest.com:9001/egtSchedule/executeTask.do
[2020-07-10 13:28:48.473752] INFO: interface: 预置条件：
[2020-07-10 13:28:48.474752] INFO: interface: 预置header：
[2020-07-10 13:28:48.475752] INFO: interface: 依赖关系：{"Dispatch_002":["$..groupList[2]..taskId"]}
[2020-07-10 13:28:48.475752] INFO: interface: 请求参数：{"taskId":100284609,"postTaskReset": true,"method": "post"}
[2020-07-10 13:28:48.476752] INFO: interface: 参数类型：application/json
[2020-07-10 13:28:48.477752] INFO: interface: 请求方式：POST
[2020-07-10 13:28:51.271912] INFO: interface: 请求结果：{"timestamp":"2020-07-10T05:31:28.287+0000","status":500,"error":"Internal Server Error","message":"\n### Error updating database.  Cause: com.mysql.jdbc.exceptions.jdbc4.MySQLTransactionRollbackException: Deadlock found when trying to get lock; try restarting transaction\n### The error may involve com.sseinfo.egt.controller.dao.ControllerTaskInfoDao.invalidTask-Inline\n### The error occurred while setting parameters\n### SQL: UPDATE EGT_TASK_INFO SET IS_VALID='0',UPDATE_TIME=SYSDATE()  WHERE TASK_ID = ?\n### Cause: com.mysql.jdbc.exceptions.jdbc4.MySQLTransactionRollbackException: Deadlock found when trying to get lock; try restarting transaction\n; Deadlock found when trying to get lock; try restarting transaction; nested exception is com.mysql.jdbc.exceptions.jdbc4.MySQLTransactionRollbackException: Deadlock found when trying to get lock; try restarting transaction","path":"/handwork/executeTask.do"}
[2020-07-10 13:28:51.272912] INFO: interface: 预期结果：$..status=SUCCESS
[2020-07-10 13:28:51.274912] INFO: interface: 测试用例执行完毕
[2020-07-10 13:28:51.275912] INFO: interface: ===========================================================================
[2020-07-10 13:28:51.278912] INFO: interface: 测试用例开始执行
[2020-07-10 13:28:51.279912] INFO: interface: 运行位置:test_atest_api
[2020-07-10 13:28:51.297913] INFO: interface: 用例编号：Dispatch_008
[2020-07-10 13:28:51.297913] INFO: interface: 用例名称：获取上市公司董监高数据成功
[2020-07-10 13:28:51.298913] INFO: interface: 请求url：http://sivs.sseinfotest.com:9001/egtSchedule/executeTask.do
[2020-07-10 13:28:51.299913] INFO: interface: 预置条件：
[2020-07-10 13:28:51.299913] INFO: interface: 预置header：
[2020-07-10 13:28:51.300913] INFO: interface: 依赖关系：{"Dispatch_001":["$..groupList[0]..taskId"]}
[2020-07-10 13:28:51.300913] INFO: interface: 请求参数：{"taskId":100284611,"postTaskReset": true,"method": "post"}
[2020-07-10 13:28:51.301913] INFO: interface: 参数类型：application/json
[2020-07-10 13:28:51.302913] INFO: interface: 请求方式：POST
[2020-07-10 13:29:44.276943] INFO: interface: 请求结果：{"timestamp":"2020-07-10T05:32:21.295+0000","status":500,"error":"Internal Server Error","message":"\n### Error updating database.  Cause: com.mysql.jdbc.exceptions.jdbc4.MySQLTransactionRollbackException: Lock wait timeout exceeded; try restarting transaction\n### The error may involve com.sseinfo.egt.controller.dao.ControllerTaskInfoDao.invalidTask-Inline\n### The error occurred while setting parameters\n### SQL: UPDATE EGT_TASK_INFO SET IS_VALID='0',UPDATE_TIME=SYSDATE()  WHERE TASK_ID = ?\n### Cause: com.mysql.jdbc.exceptions.jdbc4.MySQLTransactionRollbackException: Lock wait timeout exceeded; try restarting transaction\n; Lock wait timeout exceeded; try restarting transaction; nested exception is com.mysql.jdbc.exceptions.jdbc4.MySQLTransactionRollbackException: Lock wait timeout exceeded; try restarting transaction","path":"/handwork/executeTask.do"}
[2020-07-10 13:29:44.277943] INFO: interface: 预期结果：$..status=SUCCESS
[2020-07-10 13:29:44.279944] INFO: interface: 测试用例执行完毕
[2020-07-10 13:29:44.281944] INFO: interface: ===========================================================================
[2020-07-10 13:29:44.282944] INFO: interface: 测试用例开始执行
[2020-07-10 13:29:44.284944] INFO: interface: 运行位置:test_atest_api
[2020-07-10 13:29:44.306945] INFO: interface: 用例编号：Dispatch_009
[2020-07-10 13:29:44.307945] INFO: interface: 用例名称：获取入库A股登记日收盘价成功
[2020-07-10 13:29:44.308945] INFO: interface: 请求url：http://sivs.sseinfotest.com:9001/egtSchedule/executeTask.do
[2020-07-10 13:29:44.308945] INFO: interface: 预置条件：
[2020-07-10 13:29:44.309945] INFO: interface: 预置header：
[2020-07-10 13:29:44.310945] INFO: interface: 依赖关系：{"Dispatch_001":["$..groupList[1]..taskId"]}
[2020-07-10 13:29:44.311945] INFO: interface: 请求参数：{"taskId":100284612,"postTaskReset": true,"method": "post"}
[2020-07-10 13:29:44.311945] INFO: interface: 参数类型：application/json
[2020-07-10 13:29:44.312945] INFO: interface: 请求方式：POST
[2020-07-10 13:29:59.519815] INFO: interface: 请求结果：{"status":"SUCCESS","message":"手工任务已受理,请稍后查看执行结果!(newTaskId=100285501)"}
[2020-07-10 13:29:59.520815] INFO: interface: 预期结果：$..status=SUCCESS
[2020-07-10 13:29:59.521815] INFO: interface: 测试用例执行完毕
[2020-07-10 13:29:59.522815] INFO: interface: ===========================================================================
[2020-07-10 13:29:59.524816] INFO: interface: 测试用例开始执行
[2020-07-10 13:29:59.526816] INFO: interface: 运行位置:test_atest_api
[2020-07-10 13:29:59.550817] INFO: interface: 用例编号：Dispatch_010
[2020-07-10 13:29:59.552817] INFO: interface: 用例名称：上传股权文件（upload）
[2020-07-10 13:29:59.553817] INFO: interface: 请求url：http://10.10.11.88:9003/handwork/upload.do
[2020-07-10 13:29:59.554817] INFO: interface: 预置条件：
[2020-07-10 13:29:59.556817] INFO: interface: 预置header：
[2020-07-10 13:29:59.557817] INFO: interface: 依赖关系：{"Dispatch_001":["$..eventId"]}
[2020-07-10 13:29:59.558817] INFO: interface: 请求参数：{"taskCode":"V0201","eventId":"17485"}&{"file": "E:\\lys\\688001_15614.dbf"}
[2020-07-10 13:29:59.559818] INFO: interface: 参数类型：multipart/form-data
[2020-07-10 13:29:59.560818] INFO: interface: 请求方式：POST
[2020-07-10 13:30:01.631936] INFO: interface: 请求结果：[{"ftpId":null,"taskId":null,"ftpType":"scheduleFtp","ftpStatus":null,"fileName":"HANDWORK_47bdcfd1-13f5-480e-b36b-3def339d4fe7.dbf","filePath":"/projects/data/sivdc/equity/astock","fileSize":null,"fileMd5":null,"lastFileMd5":null,"lastFilePath":null,"remoteFileName":"HANDWORK_4f129dd9-df3e-4131-90e2-866159d01c67.dbf","remoteFilePath":"./schedule","createTime":null,"downloadTime":null}]
[2020-07-10 13:30:01.633936] INFO: interface: 预期结果：$..fileName=HANDWORK_||$..filePath=/projects/data/sivdc/equity/astock||$..remoteFileName=HANDWORK_
[2020-07-10 13:30:01.636936] INFO: interface: 测试用例执行完毕
[2020-07-10 13:30:01.638936] INFO: interface: ===========================================================================
[2020-07-10 13:30:01.639937] INFO: interface: 测试用例开始执行
[2020-07-10 13:30:01.641937] INFO: interface: 运行位置:test_atest_api
[2020-07-10 13:30:01.668938] INFO: interface: 用例编号：Dispatch_011
[2020-07-10 13:30:01.669938] INFO: interface: 用例名称：上传股权文件（beforeExecuteFtpTask）
[2020-07-10 13:30:01.669938] INFO: interface: 请求url：http://sivs.sseinfotest.com:9001/handwork/beforeExecuteFtpTask.do
[2020-07-10 13:30:01.670938] INFO: interface: 预置条件：
[2020-07-10 13:30:01.671938] INFO: interface: 预置header：
[2020-07-10 13:30:01.671938] INFO: interface: 依赖关系：{"Dispatch_010":["$..fileName","$..remoteFileName"]}||{"Dispatch_001":["$..eventId"]}
[2020-07-10 13:30:01.672938] INFO: interface: 请求参数：{"ftpList":[{"fileName":"HANDWORK_47bdcfd1-13f5-480e-b36b-3def339d4fe7.dbf","filePath":"/projects/data/sivdc/equity/astock","ftpType":"scheduleFtp","remoteFileName":"HANDWORK_4f129dd9-df3e-4131-90e2-866159d01c67.dbf","remoteFilePath":"./schedule"}],"method":"post","taskCode":"V0201","voteId":"17485"}
[2020-07-10 13:30:01.672938] INFO: interface: 参数类型：application/json
[2020-07-10 13:30:01.673938] INFO: interface: 请求方式：POST
[2020-07-10 13:30:03.776059] INFO: interface: 请求结果：{"status":"SUCCESS","message":"Execute success!"}
[2020-07-10 13:30:03.777059] INFO: interface: 预期结果：$..status=SUCCESS||$..message=success
[2020-07-10 13:30:03.779059] INFO: interface: 测试用例执行完毕
[2020-07-10 13:30:03.780059] INFO: interface: ===========================================================================
[2020-07-10 13:30:03.782059] INFO: interface: 测试用例开始执行
[2020-07-10 13:30:03.783059] INFO: interface: 运行位置:test_atest_api
[2020-07-10 13:30:03.803060] INFO: interface: 用例编号：Dispatch_012
[2020-07-10 13:30:03.804060] INFO: interface: 用例名称：上传股权文件（executeTask）
[2020-07-10 13:30:03.804060] INFO: interface: 请求url：http://sivs.sseinfotest.com:9001/egtSchedule/executeTask.do
[2020-07-10 13:30:03.805060] INFO: interface: 预置条件：
[2020-07-10 13:30:03.806060] INFO: interface: 预置header：
[2020-07-10 13:30:03.806060] INFO: interface: 依赖关系：{"Dispatch_010":["$..fileName","$..remoteFileName"]}||{"Dispatch_001":["$..groupList[2].taskList[0].taskId"]}
[2020-07-10 13:30:03.807060] INFO: interface: 请求参数：{"ftpList":[{"fileName":"HANDWORK_47bdcfd1-13f5-480e-b36b-3def339d4fe7.dbf","filePath":"/projects/data/sivdc/equity/astock","ftpType":"scheduleFtp","remoteFileName":"HANDWORK_4f129dd9-df3e-4131-90e2-866159d01c67.dbf","remoteFilePath":"./schedule"}],"method":"post","postTaskReset":true,"taskId":100284613}
[2020-07-10 13:30:03.807060] INFO: interface: 参数类型：application/json
[2020-07-10 13:30:03.808061] INFO: interface: 请求方式：POST
[2020-07-10 13:30:05.825176] INFO: interface: 请求结果：{"status":"FAILED","message":"未找到该任务!taskId=100284613"}
[2020-07-10 13:30:05.827176] INFO: interface: 预期结果：$..status=SUCCESS||$..message=任务新建成功
[2020-07-10 13:30:05.830176] INFO: interface: 测试用例执行完毕
[2020-07-10 13:30:05.831176] INFO: interface: ===========================================================================
[2020-07-10 13:30:05.835176] INFO: interface: 测试用例开始执行
[2020-07-10 13:30:05.837177] INFO: interface: 运行位置:test_atest_api
[2020-07-10 13:30:05.866178] INFO: interface: 用例编号：Dispatch_013
[2020-07-10 13:30:05.867178] INFO: interface: 用例名称：A股股权文件解析入库（executeTask）
[2020-07-10 13:30:05.867178] INFO: interface: 请求url：http://sivs.sseinfotest.com:9001/egtSchedule/executeTask.do
[2020-07-10 13:30:05.868178] INFO: interface: 预置条件：
[2020-07-10 13:30:05.868178] INFO: interface: 预置header：
[2020-07-10 13:30:05.869178] INFO: interface: 依赖关系：{"Dispatch_001":["$..groupList[2].taskList[1].taskId"]}
[2020-07-10 13:30:05.870178] INFO: interface: 请求参数：{"taskId":100284614,"postTaskReset": true,"method": "post"}
[2020-07-10 13:30:05.870178] INFO: interface: 参数类型：application/json
[2020-07-10 13:30:05.871179] INFO: interface: 请求方式：POST
[2020-07-10 13:30:07.887294] INFO: interface: 请求结果：{"status":"FAILED","message":"未找到该任务!taskId=100284614"}
[2020-07-10 13:30:07.890294] INFO: interface: 预期结果：$..status=SUCCESS
[2020-07-10 13:30:07.891294] INFO: interface: 测试用例执行完毕
[2020-07-10 13:30:07.893294] INFO: interface: ===========================================================================
[2020-07-10 13:30:07.895294] INFO: interface: 测试用例开始执行
[2020-07-10 13:30:07.896294] INFO: interface: 运行位置:test_atest_api
[2020-07-10 13:30:07.917296] INFO: interface: 测试用例执行完毕
[2020-07-10 13:30:07.919296] INFO: interface: ===========================================================================
[2020-07-10 13:30:07.920296] INFO: interface: 测试用例开始执行
[2020-07-10 13:30:07.920296] INFO: interface: 运行位置:test_atest_api
[2020-07-10 13:30:07.937297] INFO: interface: 用例编号：Dispatch_015
[2020-07-10 13:30:07.938297] INFO: interface: 用例名称：获取网站投票文件-午间（executeTask）
[2020-07-10 13:30:07.939297] INFO: interface: 请求url：http://sivs.sseinfotest.com:9001/egtSchedule/executeTask.do
[2020-07-10 13:30:07.939297] INFO: interface: 预置条件：
[2020-07-10 13:30:07.940297] INFO: interface: 预置header：
[2020-07-10 13:30:07.941297] INFO: interface: 依赖关系：{"Dispatch_001":["$..groupList[7].taskList[0].taskId"]}
[2020-07-10 13:30:07.941297] INFO: interface: 请求参数：{"taskId":100284624,"postTaskReset": true,"method": "post"}
[2020-07-10 13:30:07.942297] INFO: interface: 参数类型：application/json
[2020-07-10 13:30:07.942297] INFO: interface: 请求方式：POST
[2020-07-10 13:30:09.960412] INFO: interface: 请求结果：{"status":"FAILED","message":"未找到该任务!taskId=100284624"}
[2020-07-10 13:30:09.962413] INFO: interface: 预期结果：$..status=SUCCESS
[2020-07-10 13:30:09.965413] INFO: interface: 测试用例执行完毕
[2020-07-10 13:30:09.967413] INFO: interface: ===========================================================================
[2020-07-10 13:30:09.970413] INFO: interface: 测试用例开始执行
[2020-07-10 13:30:09.972413] INFO: interface: 运行位置:test_atest_api
[2020-07-10 13:30:10.009415] INFO: interface: 用例编号：Dispatch_016
[2020-07-10 13:30:10.010415] INFO: interface: 用例名称：网站投票文件解析入库-午间（executeTask）
[2020-07-10 13:30:10.011415] INFO: interface: 请求url：http://sivs.sseinfotest.com:9001/egtSchedule/executeTask.do
[2020-07-10 13:30:10.012415] INFO: interface: 预置条件：
[2020-07-10 13:30:10.012415] INFO: interface: 预置header：
[2020-07-10 13:30:10.013415] INFO: interface: 依赖关系：{"Dispatch_001":["$..groupList[7].taskList[1].taskId"]}
[2020-07-10 13:30:10.014416] INFO: interface: 请求参数：{"taskId":100284625,"postTaskReset": true,"method": "post"}
[2020-07-10 13:30:10.015416] INFO: interface: 参数类型：application/json
[2020-07-10 13:30:10.015416] INFO: interface: 请求方式：POST
[2020-07-10 13:30:12.032531] INFO: interface: 请求结果：{"status":"FAILED","message":"未找到该任务!taskId=100284625"}
[2020-07-10 13:30:12.033531] INFO: interface: 预期结果：$..status=SUCCESS
[2020-07-10 13:30:12.035531] INFO: interface: 测试用例执行完毕
[2020-07-10 13:30:12.036531] INFO: interface: ===========================================================================
[2020-07-10 13:30:12.038531] INFO: interface: 测试用例开始执行
[2020-07-10 13:30:12.039531] INFO: interface: 运行位置:test_atest_api
[2020-07-10 13:30:12.075533] INFO: interface: 用例编号：Dispatch_017
[2020-07-10 13:30:12.076533] INFO: interface: 用例名称：股价填报提交功能（executeTask）
[2020-07-10 13:30:12.077534] INFO: interface: 请求url：http://sivs.sseinfotest.com:9001/handwork/updateClosePrice.do
[2020-07-10 13:30:12.077534] INFO: interface: 预置条件：
[2020-07-10 13:30:12.078534] INFO: interface: 预置header：
[2020-07-10 13:30:12.078534] INFO: interface: 依赖关系：{"Dispatch_001":["$..eventId","$..eventName"]}
[2020-07-10 13:30:12.079534] INFO: interface: 请求参数：{"voteId":"17485","meetingName":"自动化测试股东大会1353","closePriceA": "12","closePriceB":"1.5","method":"post"}
[2020-07-10 13:30:12.080534] INFO: interface: 参数类型：application/json
[2020-07-10 13:30:12.080534] INFO: interface: 请求方式：POST
[2020-07-10 13:30:14.201655] INFO: interface: 请求结果：{"status":"SUCCESS","message":"Execute success!"}
[2020-07-10 13:30:14.202655] INFO: interface: 预期结果：$..status=SUCCESS||$..message=success
[2020-07-10 13:30:14.203655] INFO: interface: 测试用例执行完毕
[2020-07-10 13:30:14.205655] INFO: interface: ===========================================================================
