[2021-03-02 16:44:45.421801] INFO: interface: 加载测试用例数据：[{'id': 'passenger_001', 'casename': '正确登录', 'preset': '', 'header': '{"Content-Type":"application/json"}', 'depend': '', 'url': '\nhttp://t-basic.visioneschool.com/v1/api/auth/login', 'parame': '{"userType":"Employee","userName":"SH0133","password":"E2F5E798186344470F784F353A80EF7F"}', 'patype': 'JSON', 'method': 'POST', 'yq': '$..username=SH0133\n$..code=success'}, {'id': 'passenger_002', 'casename': '正确用户名错误密码登录', 'preset': '', 'header': '{"Content-Type":"application/json"}', 'depend': '', 'url': '\nhttp://t-basic.visioneschool.com/v1/api/auth/login', 'parame': '{"userType":"Employee","userName":"SH0133","password":"E2F5E798186344470F784F353A80EF8"}', 'patype': 'JSON', 'method': 'POST', 'yq': '$..code=auth.badUserOrCredentials.error\n$..message=用户名或者密码错误'}, {'id': 'passenger_003', 'casename': '产生token', 'preset': '', 'header': '{"Content-Type":"application/json"}', 'depend': '', 'url': '\nhttp://t-basic.visioneschool.com/v1/api/auth/createContractToken', 'parame': '{"applicationUid":"Weixun_EnterpriseStudyAdvancementPlanAdmin","contracts":[{"contractUid":"va.biz.service.collegePlan"}]}', 'patype': 'JSON', 'method': 'POST', 'yq': '$..code=success'}, {'id': 'passenger_004', 'casename': '新建保存申学记录', 'preset': '', 'header': '{"Content-Type":"application/json","Content-Length":"<calculatedwhenrequestissent>","Host":"<calculatedwhenrequestissent>","Connection":"keep-alive","authorization":"JWT%s"}', 'depend': '{"passenger_003":["$..token"]}', 'url': 'https://dev.yuedaowang.com/v1/api/collegePlan/saveStudentApply', 'parame': '{"studentUid":"1000009396","saveType":1,"studentApplyMajor":[{"majorCode":"T2","applyStatus":2,"majorName":"测试专业2","majorSubCode":"TT3","majorSubName":"","coOpFlag":1,"canadaMajorOptions":[{"majorSubCode":"TT3","majorSubName":"测试细分专业2-1"}]}],"entranceYear":3,"studyDirection":6,"schoolCode":"TGC01","schoolName":"UniversityofToronto-GeorgeCampus(测试)","degreeType":4}', 'patype': 'JSON', 'method': 'POST', 'yq': '$..code=success'}, {'id': 'passenger_005', 'casename': '不传专业名称', 'preset': '', 'header': '{"Content-Type":"application/json","Content-Length":"<calculatedwhenrequestissent>","Host":"<calculatedwhenrequestissent>","Connection":"keep-alive","authorization":"JWT%s"}', 'depend': '{"passenger_003":["$..token"]}', 'url': 'https://dev.yuedaowang.com/v2/api/collegePlan/saveStudentApply', 'parame': '{"studentUid":"1000009396","saveType":1,"studentApplyMajor":[{"majorCode":"T2","applyStatus":2,"majorName":"","majorSubCode":"TT3","majorSubName":"","coOpFlag":1,"canadaMajorOptions":[{"majorSubCode":"TT3","majorSubName":"测试细分专业2-1"}]}],"entranceYear":3,"studyDirection":6,"schoolCode":"TGC01","schoolName":"UniversityofToronto-GeorgeCampus(测试)","degreeType":4}', 'patype': 'JSON', 'method': 'POST', 'yq': '$..code=1440003\n$..message=已申请过该专业'}, {'id': 'passenger_006', 'casename': '不传学校code', 'preset': '', 'header': '{"Content-Type":"application/json","Content-Length":"<calculatedwhenrequestissent>","Host":"<calculatedwhenrequestissent>","Connection":"keep-alive","authorization":JWT"%s"}', 'depend': '{"passenger_003":["$..token"]}', 'url': 'https://dev.yuedaowang.com/v3/api/collegePlan/saveStudentApply', 'parame': '{"studentUid":"1000009396","saveType":1,"studentApplyMajor":[{"majorCode":"T2","applyStatus":2,"majorName":"测试专业2","majorSubCode":"TT3","majorSubName":"","coOpFlag":1,"canadaMajorOptions":[{"majorSubCode":"TT3","majorSubName":"测试细分专业2-1"}]}],"entranceYear":3,"studyDirection":6,"schoolCode":"","schoolName":"UniversityofToronto-GeorgeCampus(测试)","degreeType":4}', 'patype': 'JSON', 'method': 'POST', 'yq': '$..code=success'}, {'id': 'passenger_007', 'casename': '传入错误的uid', 'preset': '', 'header': '{"Content-Type":"application/json","Content-Length":"<calculatedwhenrequestissent>","Host":"<calculatedwhenrequestissent>","Connection":"keep-alive","authorization":JWT"%s"}', 'depend': '{"passenger_003":["$..token"]}', 'url': 'https://dev.yuedaowang.com/v4/api/collegePlan/saveStudentApply', 'parame': '{"studentUid":"1000001116","saveType":1,"studentApplyMajor":[{"majorCode":"T2","applyStatus":2,"majorName":"测试专业2","majorSubCode":"TT3","majorSubName":"","coOpFlag":1,"canadaMajorOptions":[{"majorSubCode":"TT3","majorSubName":"测试细分专业2-1"}]}],"entranceYear":3,"studyDirection":6,"schoolCode":"TGC01","schoolName":"UniversityofToronto-GeorgeCampus(测试)","degreeType":4}', 'patype': 'JSON', 'method': 'POST', 'yq': '$..code=success'}, {'id': 'passenger_008', 'casename': '重复申请专业', 'preset': '', 'header': '{"Content-Type":"application/json","Content-Length":"<calculatedwhenrequestissent>","Host":"<calculatedwhenrequestissent>","Connection":"keep-alive","authorization":JWT"%s"}', 'depend': '{"passenger_003":["$..token"]}', 'url': 'https://dev.yuedaowang.com/v5/api/collegePlan/saveStudentApply', 'parame': '{"studentUid":"1000009396","saveType":1,"studentApplyMajor":[{"majorCode":"T2","applyStatus":2,"majorName":"测试专业2","majorSubCode":"TT3","majorSubName":"","coOpFlag":1,"canadaMajorOptions":[{"majorSubCode":"TT3","majorSubName":"测试细分专业2-1"}]}],"entranceYear":3,"studyDirection":6,"schoolCode":"TGC01","schoolName":"UniversityofToronto-GeorgeCampus(测试)","degreeType":4}', 'patype': 'JSON', 'method': 'POST', 'yq': '$..code=1440003\n$..message=已申请过该专业'}, {'id': 'passenger_009', 'casename': '查看申学记录，传入正确的申学记录uid', 'preset': '', 'header': '{"Content-Type":"application/json","Content-Length":"<calculatedwhenrequestissent>","Host":"<calculatedwhenrequestissent>","Connection":"keep-alive","authorization":JWT"%s"}', 'depend': '{"passenger_003":["$..token"]}', 'url': 'https://dev.yuedaowang.com/v1/api/collegePlan/getStudentApply', 'parame': '{"applyRecordUid":"20210302816265682074583040"}', 'patype': 'JSON', 'method': 'POST', 'yq': '$..code=success\n$..applyRecordUid=20210302816265682074583040'}, {'id': 'passenger_010', 'casename': '传入错误的申学记录uid', 'preset': '', 'header': '{"Content-Type":"application/json","Content-Length":"<calculatedwhenrequestissent>","Host":"<calculatedwhenrequestissent>","Connection":"keep-alive","authorization":JWT"%s"}', 'depend': '{"passenger_003":["$..token"]}', 'url': 'https://dev.yuedaowang.com/v1/api/collegePlan/getStudentApply', 'parame': '{"applyRecordUid":"2021030281626"}', 'patype': 'JSON', 'method': 'POST', 'yq': '$..code=success\n$..data=null'}, {'id': 'passenger_011', 'casename': '不传token', 'preset': '', 'header': '{"Content-Type":"application/json","Content-Length":"<calculatedwhenrequestissent>","Host":"<calculatedwhenrequestissent>","Connection":"keep-alive","authorization":JWT"%s"}', 'depend': '{"passenger_003":["$..token"]}', 'url': 'https://dev.yuedaowang.com/v1/api/collegePlan/getStudentApply', 'parame': '{"applyRecordUid":"20210302816265682074583040"}', 'patype': 'JSON', 'method': 'POST', 'yq': '$..message=无效session'}, {'id': 'passenger_012', 'casename': '更新编辑记录', 'preset': '', 'header': '{"Content-Type":"application/json","Content-Length":"<calculatedwhenrequestissent>","Host":"<calculatedwhenrequestissent>","Connection":"keep-alive","authorization":JWT"%s"}', 'depend': '{"passenger_003":["$..token"]}', 'url': 'https://dev.yuedaowang.com/v1/api/collegePlan/updateStudentApply', 'parame': '{"applyRecordUid":"20210302816256535039959040","entranceYear":1,"studyDirection":2,"schoolCode":"XG101","schoolName":"香港大学","collegeCode":"","collegeName":"","degreeType":3,"studentApplyMajor":[{"uid":"20210302816256535161442304","majorCode":"XGM070","majorName":"Arts","applyStatus":4,"collegeIsAdjust":2,"noticeTime":"2021-03-01","interviewTime":[{"interviewTime":"2021-03-02"}],"interviewType":1,"interviewArea":6}],"studentUid":"1000009396"}', 'patype': 'JSON', 'method': 'POST', 'yq': '$..code=success'}, {'id': 'passenger_013', 'casename': '申请状态回退', 'preset': '', 'header': '{"Content-Type":"application/json","Content-Length":"<calculatedwhenrequestissent>","Host":"<calculatedwhenrequestissent>","Connection":"keep-alive","authorization":JWT"%s"}', 'depend': '{"passenger_003":["$..token"]}', 'url': 'https://dev.yuedaowang.com/v2/api/collegePlan/updateStudentApply', 'parame': '{"applyRecordUid":"20210302816256535039959040","entranceYear":1,"studyDirection":2,"schoolCode":"XG101","schoolName":"香港大学","collegeCode":"","collegeName":"","degreeType":3,"studentApplyMajor":[{"uid":"20210302816256535161442304","majorCode":"XGM070","majorName":"Arts","applyStatus":1,"collegeIsAdjust":2,"noticeTime":"2021-03-01","interviewTime":[{"interviewTime":"2021-03-02"}],"interviewType":1,"interviewArea":6}],"studentUid":"1000009396"}', 'patype': 'JSON', 'method': 'POST', 'yq': '$..code=success'}, {'id': 'passenger_014', 'casename': '不传申请uid', 'preset': '', 'header': '{"Content-Type":"application/json","Content-Length":"<calculatedwhenrequestissent>","Host":"<calculatedwhenrequestissent>","Connection":"keep-alive","authorization":JWT"%s"}', 'depend': '{"passenger_003":["$..token"]}', 'url': 'https://dev.yuedaowang.com/v3/api/collegePlan/updateStudentApply', 'parame': '{"applyRecordUid":"20210302816256535039959040","entranceYear":1,"studyDirection":2,"schoolCode":"XG101","schoolName":"香港大学","collegeCode":"","collegeName":"","degreeType":3,"studentApplyMajor":[{"uid":"","majorCode":"XGM070","majorName":"Arts","applyStatus":1,"collegeIsAdjust":2,"noticeTime":"2021-03-01","interviewTime":[{"interviewTime":"2021-03-02"}],"interviewType":1,"interviewArea":6}],"studentUid":"1000009396"}', 'patype': 'JSON', 'method': 'POST', 'yq': '$..code=success\n$..data=null'}, {'id': 'passenger_015', 'casename': '获取申请记录', 'preset': '', 'header': '{"Content-Type":"application/json","Content-Length":"<calculatedwhenrequestissent>","Host":"<calculatedwhenrequestissent>","Connection":"keep-alive","authorization":JWT"%s"}', 'depend': '{"passenger_003":["$..token"]}', 'url': 'https://dev.yuedaowang.com/v1/api/collegePlan/listStudentApply', 'parame': '{"studentUid":"1000009396"}', 'patype': 'JSON', 'method': 'POST', 'yq': '$..code=success\n$..applyRecordUid=20210302816265682074583040'}, {'id': 'passenger_016', 'casename': '错误的学生uid', 'preset': '', 'header': '{"Content-Type":"application/json","Content-Length":"<calculatedwhenrequestissent>","Host":"<calculatedwhenrequestissent>","Connection":"keep-alive","authorization":JWT"%s"}', 'depend': '{"passenger_003":["$..token"]}', 'url': 'https://dev.yuedaowang.com/v1/api/collegePlan/listStudentApply', 'parame': '{"studentUid":"10000111"}', 'patype': 'JSON', 'method': 'POST', 'yq': '$..code=success\n$..studentApply=[]'}]
[2021-03-02 16:44:45.432956] INFO: interface: 测试用例开始执行
[2021-03-02 16:44:45.433974] INFO: interface: 运行位置:test_atest_api
[2021-03-02 16:44:45.433974] INFO: interface: 用例编号：passenger_001
[2021-03-02 16:44:45.433974] INFO: interface: 用例名称：正确登录
[2021-03-02 16:44:45.433974] INFO: interface: 请求url：
http://t-basic.visioneschool.com/v1/api/auth/login
[2021-03-02 16:44:45.433974] INFO: interface: 预置条件：
[2021-03-02 16:44:45.433974] INFO: interface: 预置header：{"Content-Type":"application/json"}
[2021-03-02 16:44:45.433974] INFO: interface: 依赖关系：
[2021-03-02 16:44:45.434971] INFO: interface: 请求参数：{"userType":"Employee","userName":"SH0133","password":"E2F5E798186344470F784F353A80EF7F"}
[2021-03-02 16:44:45.434971] INFO: interface: 参数类型：JSON
[2021-03-02 16:44:45.434971] INFO: interface: 请求方式：POST
[2021-03-02 16:44:45.473936] INFO: interface: 请求结果：{"code":"success","data":{"userDetail":{"username":"SH0133","accountNonExpired":true,"accountNonLocked":true,"credentialsNonExpired":true,"enabled":true,"authorities":[],"privileges":{},"userType":"Employee","userUid":"SH0133","realName":"黄伊伊","titleId":0,"countryCode":null,"phone":"15972066885","identities":[]}},"message":""}
[2021-03-02 16:44:45.473936] INFO: interface: 预期结果：$..username=SH0133||$..code=success
[2021-03-02 16:44:45.476958] INFO: interface: 断言成功，用例编号：passenger_001
[2021-03-02 16:44:45.477955] INFO: interface: 测试用例执行完毕
[2021-03-02 16:44:45.477955] INFO: interface: ===========================================================================
[2021-03-02 16:44:45.478901] INFO: interface: 测试用例开始执行
[2021-03-02 16:44:45.478901] INFO: interface: 运行位置:test_atest_api
[2021-03-02 16:44:45.478901] INFO: interface: 用例编号：passenger_002
[2021-03-02 16:44:45.478901] INFO: interface: 用例名称：正确用户名错误密码登录
[2021-03-02 16:44:45.479950] INFO: interface: 请求url：
http://t-basic.visioneschool.com/v1/api/auth/login
[2021-03-02 16:44:45.479950] INFO: interface: 预置条件：
[2021-03-02 16:44:45.479950] INFO: interface: 预置header：{"Content-Type":"application/json"}
[2021-03-02 16:44:45.479950] INFO: interface: 依赖关系：
[2021-03-02 16:44:45.480932] INFO: interface: 请求参数：{"userType":"Employee","userName":"SH0133","password":"E2F5E798186344470F784F353A80EF8"}
[2021-03-02 16:44:45.480932] INFO: interface: 参数类型：JSON
[2021-03-02 16:44:45.480932] INFO: interface: 请求方式：POST
[2021-03-02 16:44:45.512384] INFO: interface: 请求结果：{"code":"auth.badUserOrCredentials.error","data":null,"message":"用户名或者密码错误"}
[2021-03-02 16:44:45.512384] INFO: interface: 预期结果：$..code=auth.badUserOrCredentials.error||$..message=用户名或者密码错误
[2021-03-02 16:44:45.513381] INFO: interface: 断言成功，用例编号：passenger_002
[2021-03-02 16:44:45.514379] INFO: interface: 测试用例执行完毕
[2021-03-02 16:44:45.514379] INFO: interface: ===========================================================================
[2021-03-02 16:44:45.514379] INFO: interface: 测试用例开始执行
[2021-03-02 16:44:45.515376] INFO: interface: 运行位置:test_atest_api
[2021-03-02 16:44:45.515376] INFO: interface: 用例编号：passenger_003
[2021-03-02 16:44:45.515376] INFO: interface: 用例名称：产生token
[2021-03-02 16:44:45.515376] INFO: interface: 请求url：
http://t-basic.visioneschool.com/v1/api/auth/createContractToken
[2021-03-02 16:44:45.516372] INFO: interface: 预置条件：
[2021-03-02 16:44:45.516372] INFO: interface: 预置header：{"Content-Type":"application/json"}
[2021-03-02 16:44:45.516372] INFO: interface: 依赖关系：
[2021-03-02 16:44:45.516372] INFO: interface: 请求参数：{"applicationUid":"Weixun_EnterpriseStudyAdvancementPlanAdmin","contracts":[{"contractUid":"va.biz.service.collegePlan"}]}
[2021-03-02 16:44:45.517370] INFO: interface: 参数类型：JSON
[2021-03-02 16:44:45.517370] INFO: interface: 请求方式：POST
[2021-03-02 16:44:45.528502] INFO: interface: 请求结果：{"code":"auth.sessionInvalid.error","data":null,"message":"无效session"}
[2021-03-02 16:44:45.528502] INFO: interface: 预期结果：$..code=success
[2021-03-02 16:44:45.529499] INFO: interface: 测试用例执行完毕
[2021-03-02 16:44:45.529499] INFO: interface: ===========================================================================
[2021-03-02 16:44:45.533489] INFO: interface: 测试用例开始执行
[2021-03-02 16:44:45.533489] INFO: interface: 运行位置:test_atest_api
[2021-03-02 16:44:45.533489] INFO: interface: 用例编号：passenger_004
[2021-03-02 16:44:45.534486] INFO: interface: 用例名称：新建保存申学记录
[2021-03-02 16:44:45.534486] INFO: interface: 请求url：https://dev.yuedaowang.com/v1/api/collegePlan/saveStudentApply
[2021-03-02 16:44:45.534486] INFO: interface: 预置条件：
[2021-03-02 16:44:45.534486] INFO: interface: 预置header：{"Content-Type":"application/json","Content-Length":"<calculatedwhenrequestissent>","Host":"<calculatedwhenrequestissent>","Connection":"keep-alive","authorization":"JWT%s"}
[2021-03-02 16:44:45.535483] INFO: interface: 依赖关系：{"passenger_003":["$..token"]}
[2021-03-02 16:44:45.535483] INFO: interface: 请求参数：{"studentUid":"1000009396","saveType":1,"studentApplyMajor":[{"majorCode":"T2","applyStatus":2,"majorName":"测试专业2","majorSubCode":"TT3","majorSubName":"","coOpFlag":1,"canadaMajorOptions":[{"majorSubCode":"TT3","majorSubName":"测试细分专业2-1"}]}],"entranceYear":3,"studyDirection":6,"schoolCode":"TGC01","schoolName":"UniversityofToronto-GeorgeCampus(测试)","degreeType":4}
[2021-03-02 16:44:45.535483] INFO: interface: 参数类型：JSON
[2021-03-02 16:44:45.536481] INFO: interface: 请求方式：POST
[2021-03-02 16:44:45.656646] INFO: interface: 请求结果：<html><head><title>404NotFound</title></head><body><center><h1>404NotFound</h1></center><hr><center>nginx/1.17.3</center></body></html>
[2021-03-02 16:44:45.656646] INFO: interface: 预期结果：$..code=success
[2021-03-02 16:44:45.657644] INFO: interface: 测试用例执行完毕
[2021-03-02 16:44:45.657644] INFO: interface: ===========================================================================
[2021-03-02 16:44:45.657644] INFO: interface: 测试用例开始执行
[2021-03-02 16:44:45.658641] INFO: interface: 运行位置:test_atest_api
[2021-03-02 16:44:45.658641] INFO: interface: 用例编号：passenger_005
[2021-03-02 16:44:45.658641] INFO: interface: 用例名称：不传专业名称
[2021-03-02 16:44:45.658641] INFO: interface: 请求url：https://dev.yuedaowang.com/v2/api/collegePlan/saveStudentApply
[2021-03-02 16:44:45.658641] INFO: interface: 预置条件：
[2021-03-02 16:44:45.658641] INFO: interface: 预置header：{"Content-Type":"application/json","Content-Length":"<calculatedwhenrequestissent>","Host":"<calculatedwhenrequestissent>","Connection":"keep-alive","authorization":"JWT%s"}
[2021-03-02 16:44:45.658641] INFO: interface: 依赖关系：{"passenger_003":["$..token"]}
[2021-03-02 16:44:45.659639] INFO: interface: 请求参数：{"studentUid":"1000009396","saveType":1,"studentApplyMajor":[{"majorCode":"T2","applyStatus":2,"majorName":"","majorSubCode":"TT3","majorSubName":"","coOpFlag":1,"canadaMajorOptions":[{"majorSubCode":"TT3","majorSubName":"测试细分专业2-1"}]}],"entranceYear":3,"studyDirection":6,"schoolCode":"TGC01","schoolName":"UniversityofToronto-GeorgeCampus(测试)","degreeType":4}
[2021-03-02 16:44:45.659639] INFO: interface: 参数类型：JSON
[2021-03-02 16:44:45.659639] INFO: interface: 请求方式：POST
[2021-03-02 16:44:45.709125] INFO: interface: 请求结果：<html><head><title>404NotFound</title></head><body><center><h1>404NotFound</h1></center><hr><center>nginx/1.17.3</center></body></html>
[2021-03-02 16:44:45.709125] INFO: interface: 预期结果：$..code=1440003||$..message=已申请过该专业
[2021-03-02 16:44:45.709125] INFO: interface: 测试用例执行完毕
[2021-03-02 16:44:45.709125] INFO: interface: ===========================================================================
[2021-03-02 16:44:45.710122] INFO: interface: 测试用例开始执行
[2021-03-02 16:44:45.710122] INFO: interface: 运行位置:test_atest_api
[2021-03-02 16:44:45.710122] INFO: interface: 用例编号：passenger_006
[2021-03-02 16:44:45.710122] INFO: interface: 用例名称：不传学校code
[2021-03-02 16:44:45.710122] INFO: interface: 请求url：https://dev.yuedaowang.com/v3/api/collegePlan/saveStudentApply
[2021-03-02 16:44:45.710122] INFO: interface: 预置条件：
[2021-03-02 16:44:45.710122] INFO: interface: 预置header：{"Content-Type":"application/json","Content-Length":"<calculatedwhenrequestissent>","Host":"<calculatedwhenrequestissent>","Connection":"keep-alive","authorization":JWT"%s"}
[2021-03-02 16:44:45.710122] INFO: interface: 依赖关系：{"passenger_003":["$..token"]}
[2021-03-02 16:44:45.710122] INFO: interface: 请求参数：{"studentUid":"1000009396","saveType":1,"studentApplyMajor":[{"majorCode":"T2","applyStatus":2,"majorName":"测试专业2","majorSubCode":"TT3","majorSubName":"","coOpFlag":1,"canadaMajorOptions":[{"majorSubCode":"TT3","majorSubName":"测试细分专业2-1"}]}],"entranceYear":3,"studyDirection":6,"schoolCode":"","schoolName":"UniversityofToronto-GeorgeCampus(测试)","degreeType":4}
[2021-03-02 16:44:45.710122] INFO: interface: 参数类型：JSON
[2021-03-02 16:44:45.710122] INFO: interface: Excel请求header格式有误，请检查
[2021-03-02 16:44:45.711120] INFO: interface: 请求方式：POST
[2021-03-02 16:44:45.711120] INFO: interface: 测试用例执行完毕
[2021-03-02 16:44:45.711120] INFO: interface: ===========================================================================
[2021-03-02 16:44:45.712117] INFO: interface: 测试用例开始执行
[2021-03-02 16:44:45.712117] INFO: interface: 运行位置:test_atest_api
[2021-03-02 16:44:45.712117] INFO: interface: 用例编号：passenger_007
[2021-03-02 16:44:45.712117] INFO: interface: 用例名称：传入错误的uid
[2021-03-02 16:44:45.712117] INFO: interface: 请求url：https://dev.yuedaowang.com/v4/api/collegePlan/saveStudentApply
[2021-03-02 16:44:45.712117] INFO: interface: 预置条件：
[2021-03-02 16:44:45.712117] INFO: interface: 预置header：{"Content-Type":"application/json","Content-Length":"<calculatedwhenrequestissent>","Host":"<calculatedwhenrequestissent>","Connection":"keep-alive","authorization":JWT"%s"}
[2021-03-02 16:44:45.712117] INFO: interface: 依赖关系：{"passenger_003":["$..token"]}
[2021-03-02 16:44:45.712117] INFO: interface: 请求参数：{"studentUid":"1000001116","saveType":1,"studentApplyMajor":[{"majorCode":"T2","applyStatus":2,"majorName":"测试专业2","majorSubCode":"TT3","majorSubName":"","coOpFlag":1,"canadaMajorOptions":[{"majorSubCode":"TT3","majorSubName":"测试细分专业2-1"}]}],"entranceYear":3,"studyDirection":6,"schoolCode":"TGC01","schoolName":"UniversityofToronto-GeorgeCampus(测试)","degreeType":4}
[2021-03-02 16:44:45.712117] INFO: interface: 参数类型：JSON
[2021-03-02 16:44:45.713114] INFO: interface: Excel请求header格式有误，请检查
[2021-03-02 16:44:45.713114] INFO: interface: 请求方式：POST
[2021-03-02 16:44:45.713114] INFO: interface: 测试用例执行完毕
[2021-03-02 16:44:45.713114] INFO: interface: ===========================================================================
[2021-03-02 16:44:45.714112] INFO: interface: 测试用例开始执行
[2021-03-02 16:44:45.714112] INFO: interface: 运行位置:test_atest_api
[2021-03-02 16:44:45.714112] INFO: interface: 用例编号：passenger_008
[2021-03-02 16:44:45.714112] INFO: interface: 用例名称：重复申请专业
[2021-03-02 16:44:45.714112] INFO: interface: 请求url：https://dev.yuedaowang.com/v5/api/collegePlan/saveStudentApply
[2021-03-02 16:44:45.714112] INFO: interface: 预置条件：
[2021-03-02 16:44:45.714112] INFO: interface: 预置header：{"Content-Type":"application/json","Content-Length":"<calculatedwhenrequestissent>","Host":"<calculatedwhenrequestissent>","Connection":"keep-alive","authorization":JWT"%s"}
[2021-03-02 16:44:45.714112] INFO: interface: 依赖关系：{"passenger_003":["$..token"]}
[2021-03-02 16:44:45.714112] INFO: interface: 请求参数：{"studentUid":"1000009396","saveType":1,"studentApplyMajor":[{"majorCode":"T2","applyStatus":2,"majorName":"测试专业2","majorSubCode":"TT3","majorSubName":"","coOpFlag":1,"canadaMajorOptions":[{"majorSubCode":"TT3","majorSubName":"测试细分专业2-1"}]}],"entranceYear":3,"studyDirection":6,"schoolCode":"TGC01","schoolName":"UniversityofToronto-GeorgeCampus(测试)","degreeType":4}
[2021-03-02 16:44:45.714112] INFO: interface: 参数类型：JSON
[2021-03-02 16:44:45.715109] INFO: interface: Excel请求header格式有误，请检查
[2021-03-02 16:44:45.715109] INFO: interface: 请求方式：POST
[2021-03-02 16:44:45.715109] INFO: interface: 测试用例执行完毕
[2021-03-02 16:44:45.715109] INFO: interface: ===========================================================================
[2021-03-02 16:44:45.716107] INFO: interface: 测试用例开始执行
[2021-03-02 16:44:45.716107] INFO: interface: 运行位置:test_atest_api
[2021-03-02 16:44:45.716107] INFO: interface: 用例编号：passenger_009
[2021-03-02 16:44:45.716107] INFO: interface: 用例名称：查看申学记录，传入正确的申学记录uid
[2021-03-02 16:44:45.716107] INFO: interface: 请求url：https://dev.yuedaowang.com/v1/api/collegePlan/getStudentApply
[2021-03-02 16:44:45.716107] INFO: interface: 预置条件：
[2021-03-02 16:44:45.716107] INFO: interface: 预置header：{"Content-Type":"application/json","Content-Length":"<calculatedwhenrequestissent>","Host":"<calculatedwhenrequestissent>","Connection":"keep-alive","authorization":JWT"%s"}
[2021-03-02 16:44:45.716107] INFO: interface: 依赖关系：{"passenger_003":["$..token"]}
[2021-03-02 16:44:45.717104] INFO: interface: 请求参数：{"applyRecordUid":"20210302816265682074583040"}
[2021-03-02 16:44:45.717104] INFO: interface: 参数类型：JSON
[2021-03-02 16:44:45.717104] INFO: interface: Excel请求header格式有误，请检查
[2021-03-02 16:44:45.717104] INFO: interface: 请求方式：POST
[2021-03-02 16:44:45.717104] INFO: interface: 测试用例执行完毕
[2021-03-02 16:44:45.717104] INFO: interface: ===========================================================================
[2021-03-02 16:44:45.718101] INFO: interface: 测试用例开始执行
[2021-03-02 16:44:45.718101] INFO: interface: 运行位置:test_atest_api
[2021-03-02 16:44:45.718101] INFO: interface: 用例编号：passenger_010
[2021-03-02 16:44:45.718101] INFO: interface: 用例名称：传入错误的申学记录uid
[2021-03-02 16:44:45.718101] INFO: interface: 请求url：https://dev.yuedaowang.com/v1/api/collegePlan/getStudentApply
[2021-03-02 16:44:45.718101] INFO: interface: 预置条件：
[2021-03-02 16:44:45.718101] INFO: interface: 预置header：{"Content-Type":"application/json","Content-Length":"<calculatedwhenrequestissent>","Host":"<calculatedwhenrequestissent>","Connection":"keep-alive","authorization":JWT"%s"}
[2021-03-02 16:44:45.718101] INFO: interface: 依赖关系：{"passenger_003":["$..token"]}
[2021-03-02 16:44:45.718101] INFO: interface: 请求参数：{"applyRecordUid":"2021030281626"}
[2021-03-02 16:44:45.718101] INFO: interface: 参数类型：JSON
[2021-03-02 16:44:45.718101] INFO: interface: Excel请求header格式有误，请检查
[2021-03-02 16:44:45.718101] INFO: interface: 请求方式：POST
[2021-03-02 16:44:45.719098] INFO: interface: 测试用例执行完毕
[2021-03-02 16:44:45.719098] INFO: interface: ===========================================================================
[2021-03-02 16:44:45.719098] INFO: interface: 测试用例开始执行
[2021-03-02 16:44:45.719098] INFO: interface: 运行位置:test_atest_api
[2021-03-02 16:44:45.720096] INFO: interface: 用例编号：passenger_011
[2021-03-02 16:44:45.720096] INFO: interface: 用例名称：不传token
[2021-03-02 16:44:45.720096] INFO: interface: 请求url：https://dev.yuedaowang.com/v1/api/collegePlan/getStudentApply
[2021-03-02 16:44:45.720096] INFO: interface: 预置条件：
[2021-03-02 16:44:45.720096] INFO: interface: 预置header：{"Content-Type":"application/json","Content-Length":"<calculatedwhenrequestissent>","Host":"<calculatedwhenrequestissent>","Connection":"keep-alive","authorization":JWT"%s"}
[2021-03-02 16:44:45.720096] INFO: interface: 依赖关系：{"passenger_003":["$..token"]}
[2021-03-02 16:44:45.720096] INFO: interface: 请求参数：{"applyRecordUid":"20210302816265682074583040"}
[2021-03-02 16:44:45.720096] INFO: interface: 参数类型：JSON
[2021-03-02 16:44:45.720096] INFO: interface: Excel请求header格式有误，请检查
[2021-03-02 16:44:45.720096] INFO: interface: 请求方式：POST
[2021-03-02 16:44:45.721093] INFO: interface: 测试用例执行完毕
[2021-03-02 16:44:45.721093] INFO: interface: ===========================================================================
[2021-03-02 16:44:45.721093] INFO: interface: 测试用例开始执行
[2021-03-02 16:44:45.721093] INFO: interface: 运行位置:test_atest_api
[2021-03-02 16:44:45.721093] INFO: interface: 用例编号：passenger_012
[2021-03-02 16:44:45.721093] INFO: interface: 用例名称：更新编辑记录
[2021-03-02 16:44:45.721093] INFO: interface: 请求url：https://dev.yuedaowang.com/v1/api/collegePlan/updateStudentApply
[2021-03-02 16:44:45.721093] INFO: interface: 预置条件：
[2021-03-02 16:44:45.722090] INFO: interface: 预置header：{"Content-Type":"application/json","Content-Length":"<calculatedwhenrequestissent>","Host":"<calculatedwhenrequestissent>","Connection":"keep-alive","authorization":JWT"%s"}
[2021-03-02 16:44:45.722090] INFO: interface: 依赖关系：{"passenger_003":["$..token"]}
[2021-03-02 16:44:45.722090] INFO: interface: 请求参数：{"applyRecordUid":"20210302816256535039959040","entranceYear":1,"studyDirection":2,"schoolCode":"XG101","schoolName":"香港大学","collegeCode":"","collegeName":"","degreeType":3,"studentApplyMajor":[{"uid":"20210302816256535161442304","majorCode":"XGM070","majorName":"Arts","applyStatus":4,"collegeIsAdjust":2,"noticeTime":"2021-03-01","interviewTime":[{"interviewTime":"2021-03-02"}],"interviewType":1,"interviewArea":6}],"studentUid":"1000009396"}
[2021-03-02 16:44:45.722090] INFO: interface: 参数类型：JSON
[2021-03-02 16:44:45.722090] INFO: interface: Excel请求header格式有误，请检查
[2021-03-02 16:44:45.722090] INFO: interface: 请求方式：POST
[2021-03-02 16:44:45.722090] INFO: interface: 测试用例执行完毕
[2021-03-02 16:44:45.722090] INFO: interface: ===========================================================================
[2021-03-02 16:44:45.723088] INFO: interface: 测试用例开始执行
[2021-03-02 16:44:45.723088] INFO: interface: 运行位置:test_atest_api
[2021-03-02 16:44:45.723088] INFO: interface: 用例编号：passenger_013
[2021-03-02 16:44:45.723088] INFO: interface: 用例名称：申请状态回退
[2021-03-02 16:44:45.723088] INFO: interface: 请求url：https://dev.yuedaowang.com/v2/api/collegePlan/updateStudentApply
[2021-03-02 16:44:45.723088] INFO: interface: 预置条件：
[2021-03-02 16:44:45.723088] INFO: interface: 预置header：{"Content-Type":"application/json","Content-Length":"<calculatedwhenrequestissent>","Host":"<calculatedwhenrequestissent>","Connection":"keep-alive","authorization":JWT"%s"}
[2021-03-02 16:44:45.723088] INFO: interface: 依赖关系：{"passenger_003":["$..token"]}
[2021-03-02 16:44:45.723088] INFO: interface: 请求参数：{"applyRecordUid":"20210302816256535039959040","entranceYear":1,"studyDirection":2,"schoolCode":"XG101","schoolName":"香港大学","collegeCode":"","collegeName":"","degreeType":3,"studentApplyMajor":[{"uid":"20210302816256535161442304","majorCode":"XGM070","majorName":"Arts","applyStatus":1,"collegeIsAdjust":2,"noticeTime":"2021-03-01","interviewTime":[{"interviewTime":"2021-03-02"}],"interviewType":1,"interviewArea":6}],"studentUid":"1000009396"}
[2021-03-02 16:44:45.723088] INFO: interface: 参数类型：JSON
[2021-03-02 16:44:45.724085] INFO: interface: Excel请求header格式有误，请检查
[2021-03-02 16:44:45.724085] INFO: interface: 请求方式：POST
[2021-03-02 16:44:45.724085] INFO: interface: 测试用例执行完毕
[2021-03-02 16:44:45.724085] INFO: interface: ===========================================================================
[2021-03-02 16:44:45.725082] INFO: interface: 测试用例开始执行
[2021-03-02 16:44:45.725082] INFO: interface: 运行位置:test_atest_api
[2021-03-02 16:44:45.725082] INFO: interface: 用例编号：passenger_014
[2021-03-02 16:44:45.725082] INFO: interface: 用例名称：不传申请uid
[2021-03-02 16:44:45.725082] INFO: interface: 请求url：https://dev.yuedaowang.com/v3/api/collegePlan/updateStudentApply
[2021-03-02 16:44:45.725082] INFO: interface: 预置条件：
[2021-03-02 16:44:45.725082] INFO: interface: 预置header：{"Content-Type":"application/json","Content-Length":"<calculatedwhenrequestissent>","Host":"<calculatedwhenrequestissent>","Connection":"keep-alive","authorization":JWT"%s"}
[2021-03-02 16:44:45.725082] INFO: interface: 依赖关系：{"passenger_003":["$..token"]}
[2021-03-02 16:44:45.725082] INFO: interface: 请求参数：{"applyRecordUid":"20210302816256535039959040","entranceYear":1,"studyDirection":2,"schoolCode":"XG101","schoolName":"香港大学","collegeCode":"","collegeName":"","degreeType":3,"studentApplyMajor":[{"uid":"","majorCode":"XGM070","majorName":"Arts","applyStatus":1,"collegeIsAdjust":2,"noticeTime":"2021-03-01","interviewTime":[{"interviewTime":"2021-03-02"}],"interviewType":1,"interviewArea":6}],"studentUid":"1000009396"}
[2021-03-02 16:44:45.725082] INFO: interface: 参数类型：JSON
[2021-03-02 16:44:45.725082] INFO: interface: Excel请求header格式有误，请检查
[2021-03-02 16:44:45.725082] INFO: interface: 请求方式：POST
[2021-03-02 16:44:45.726080] INFO: interface: 测试用例执行完毕
[2021-03-02 16:44:45.726080] INFO: interface: ===========================================================================
[2021-03-02 16:44:45.726080] INFO: interface: 测试用例开始执行
[2021-03-02 16:44:45.726080] INFO: interface: 运行位置:test_atest_api
[2021-03-02 16:44:45.726080] INFO: interface: 用例编号：passenger_015
[2021-03-02 16:44:45.727077] INFO: interface: 用例名称：获取申请记录
[2021-03-02 16:44:45.727077] INFO: interface: 请求url：https://dev.yuedaowang.com/v1/api/collegePlan/listStudentApply
[2021-03-02 16:44:45.727077] INFO: interface: 预置条件：
[2021-03-02 16:44:45.727077] INFO: interface: 预置header：{"Content-Type":"application/json","Content-Length":"<calculatedwhenrequestissent>","Host":"<calculatedwhenrequestissent>","Connection":"keep-alive","authorization":JWT"%s"}
[2021-03-02 16:44:45.727077] INFO: interface: 依赖关系：{"passenger_003":["$..token"]}
[2021-03-02 16:44:45.727077] INFO: interface: 请求参数：{"studentUid":"1000009396"}
[2021-03-02 16:44:45.727077] INFO: interface: 参数类型：JSON
[2021-03-02 16:44:45.727077] INFO: interface: Excel请求header格式有误，请检查
[2021-03-02 16:44:45.727077] INFO: interface: 请求方式：POST
[2021-03-02 16:44:45.728075] INFO: interface: 测试用例执行完毕
[2021-03-02 16:44:45.728075] INFO: interface: ===========================================================================
[2021-03-02 16:44:45.728075] INFO: interface: 测试用例开始执行
[2021-03-02 16:44:45.728075] INFO: interface: 运行位置:test_atest_api
[2021-03-02 16:44:45.728075] INFO: interface: 用例编号：passenger_016
[2021-03-02 16:44:45.728075] INFO: interface: 用例名称：错误的学生uid
[2021-03-02 16:44:45.728075] INFO: interface: 请求url：https://dev.yuedaowang.com/v1/api/collegePlan/listStudentApply
[2021-03-02 16:44:45.728075] INFO: interface: 预置条件：
[2021-03-02 16:44:45.728075] INFO: interface: 预置header：{"Content-Type":"application/json","Content-Length":"<calculatedwhenrequestissent>","Host":"<calculatedwhenrequestissent>","Connection":"keep-alive","authorization":JWT"%s"}
[2021-03-02 16:44:45.729072] INFO: interface: 依赖关系：{"passenger_003":["$..token"]}
[2021-03-02 16:44:45.729072] INFO: interface: 请求参数：{"studentUid":"10000111"}
[2021-03-02 16:44:45.729072] INFO: interface: 参数类型：JSON
[2021-03-02 16:44:45.729072] INFO: interface: Excel请求header格式有误，请检查
[2021-03-02 16:44:45.729072] INFO: interface: 请求方式：POST
[2021-03-02 16:44:45.729072] INFO: interface: 测试用例执行完毕
[2021-03-02 16:44:45.729072] INFO: interface: ===========================================================================
