[2020-07-12 21:52:22.259085] INFO: interface: 加载测试用例数据：[{'id': 'driverRegister_001', 'casename': '获取验证码', 'preset': '', 'header': '', 'depend': '', 'url': 'https://dev.yuedaowang.com/api/user/getVCode', 'parame': '{"cell":"13600000000"}', 'patype': 'JSON', 'method': 'POST', 'yq': '$..code=0\n$..msg=success\n$..data=验证码已经发送至您的手机'}, {'id': 'driverRegister_002', 'casename': '登录', 'preset': '', 'header': '', 'depend': '', 'url': 'https://dev.yuedaowang.com/api/user/userRegAndLogin', 'parame': '{"cell":"13600000000","vcode":"709861","password":"B59C67BF196A4758191E42F76670CEBA"}', 'patype': 'JSON', 'method': 'POST', 'yq': '$..code=0\n$..msg=success'}, {'id': 'driverRegister_003', 'casename': '更新密码', 'preset': '', 'header': '', 'depend': '', 'url': 'https://dev.yuedaowang.com/api/user/createPassword', 'parame': '{\n  "password": "B59C67BF196A4758191E42F76670CEBA",\n  "vcode": "323211"\n}', 'patype': 'JSON', 'method': 'POST', 'yq': '$..code=0\n$..msg=success'}, {'id': 'driverRegister_004', 'casename': '查询用户信息', 'preset': '', 'header': '', 'depend': '', 'url': 'https://dev.yuedaowang.com/api/user/searchUser', 'parame': '', 'patype': 'JSON', 'method': 'GET', 'yq': '$..code=0\n$..msg=success'}]
[2020-07-12 21:52:22.267838] INFO: interface: 测试用例开始执行
[2020-07-12 21:52:22.270861] INFO: interface: 运行位置:test_atest_api
[2020-07-12 21:52:22.272855] INFO: interface: 用例编号：driverRegister_001
[2020-07-12 21:52:22.274847] INFO: interface: 用例名称：获取验证码
[2020-07-12 21:52:22.276842] INFO: interface: 请求url：https://dev.yuedaowang.com/api/user/getVCode
[2020-07-12 21:52:22.278836] INFO: interface: 预置条件：
[2020-07-12 21:52:22.280836] INFO: interface: 预置header：
[2020-07-12 21:52:22.283833] INFO: interface: 依赖关系：
[2020-07-12 21:52:22.286819] INFO: interface: 请求参数：{"cell":"13600000000"}
[2020-07-12 21:52:22.288973] INFO: interface: 参数类型：JSON
[2020-07-12 21:52:22.290772] INFO: interface: 请求方式：POST
[2020-07-12 21:52:24.850921] INFO: interface: 请求结果：{"code":0,"msg":"success","data":"验证码已经发送至您的手机！902735"}
[2020-07-12 21:52:24.853914] INFO: interface: 预期结果：$..code=0||$..msg=success||$..data=验证码已经发送至您的手机
[2020-07-12 21:52:24.860894] INFO: interface: 断言成功：driverRegister_001
[2020-07-12 21:52:24.863887] INFO: interface: 测试用例执行完毕
[2020-07-12 21:52:24.865873] INFO: interface: ===========================================================================
[2020-07-12 21:52:24.868915] INFO: interface: 测试用例开始执行
[2020-07-12 21:52:24.871258] INFO: interface: 运行位置:test_atest_api
[2020-07-12 21:52:24.873901] INFO: interface: 用例编号：driverRegister_002
[2020-07-12 21:52:24.875896] INFO: interface: 用例名称：登录
[2020-07-12 21:52:24.877893] INFO: interface: 请求url：https://dev.yuedaowang.com/api/user/userRegAndLogin
[2020-07-12 21:52:24.880841] INFO: interface: 预置条件：
[2020-07-12 21:52:24.882837] INFO: interface: 预置header：
[2020-07-12 21:52:24.886001] INFO: interface: 依赖关系：
[2020-07-12 21:52:24.887862] INFO: interface: 请求参数：{"cell":"13600000000","vcode":"709861","password":"B59C67BF196A4758191E42F76670CEBA"}
[2020-07-12 21:52:24.890806] INFO: interface: 参数类型：JSON
[2020-07-12 21:52:24.892800] INFO: interface: 请求方式：POST
[2020-07-12 21:52:27.048560] INFO: interface: 请求结果：{"code":1,"msg":"登录失败！短信验证码错误","data":null}
[2020-07-12 21:52:27.052555] INFO: interface: 预期结果：$..code=0||$..msg=success
[2020-07-12 21:52:27.055780] INFO: interface: 测试用例执行完毕
[2020-07-12 21:52:27.058537] INFO: interface: ===========================================================================
[2020-07-12 21:52:27.065516] INFO: interface: 测试用例开始执行
[2020-07-12 21:52:27.068465] INFO: interface: 运行位置:test_atest_api
[2020-07-12 21:52:27.070507] INFO: interface: 用例编号：driverRegister_003
[2020-07-12 21:52:27.297320] INFO: interface: 用例名称：更新密码
[2020-07-12 21:52:27.300309] INFO: interface: 请求url：https://dev.yuedaowang.com/api/user/createPassword
[2020-07-12 21:52:27.303905] INFO: interface: 预置条件：
[2020-07-12 21:52:27.306333] INFO: interface: 预置header：
[2020-07-12 21:52:27.309401] INFO: interface: 依赖关系：
[2020-07-12 21:52:27.311579] INFO: interface: 请求参数：{
  "password": "B59C67BF196A4758191E42F76670CEBA",
  "vcode": "323211"
}
[2020-07-12 21:52:27.313315] INFO: interface: 参数类型：JSON
[2020-07-12 21:52:27.316301] INFO: interface: 请求方式：POST
[2020-07-12 21:52:30.527491] INFO: interface: 请求结果：{"code":1,"msg":"解析token异常！","data":"{\"error\":\"invalid_request\",\"error_description\":\"Authentication failed.\"}"}
[2020-07-12 21:52:30.531470] INFO: interface: 预期结果：$..code=0||$..msg=success
[2020-07-12 21:52:30.534410] INFO: interface: 测试用例执行完毕
[2020-07-12 21:52:30.536662] INFO: interface: ===========================================================================
[2020-07-12 21:52:30.540451] INFO: interface: 测试用例开始执行
[2020-07-12 21:52:30.542438] INFO: interface: 运行位置:test_atest_api
[2020-07-12 21:52:30.545610] INFO: interface: 用例编号：driverRegister_004
[2020-07-12 21:52:30.548454] INFO: interface: 用例名称：查询用户信息
[2020-07-12 21:52:30.550418] INFO: interface: 请求url：https://dev.yuedaowang.com/api/user/searchUser
[2020-07-12 21:52:30.553409] INFO: interface: 预置条件：
[2020-07-12 21:52:30.555403] INFO: interface: 预置header：
[2020-07-12 21:52:30.557599] INFO: interface: 依赖关系：
[2020-07-12 21:52:30.560388] INFO: interface: 请求参数：
[2020-07-12 21:52:30.562384] INFO: interface: 参数类型：JSON
[2020-07-12 21:52:30.564380] INFO: interface: 请求方式：GET
[2020-07-12 21:52:30.692989] INFO: interface: 测试用例执行完毕
[2020-07-12 21:52:30.695028] INFO: interface: ===========================================================================
