[2020-07-21 21:34:48.745421] INFO: interface: 加载测试用例数据：[{'id': 'driverRegister_001', 'casename': '获取验证码', 'preset': '', 'header': '', 'depend': '', 'url': 'https://dev.yuedaowang.com/api/user/getVCode', 'parame': '{"cell":"13600000000"}', 'patype': 'JSON', 'method': 'POST', 'yq': '$..code=0\n$..msg=success\n$..data=验证码已经发送至您的手机'}, {'id': 'driverRegister_002', 'casename': '登录', 'preset': '', 'header': '', 'depend': '', 'url': 'https://dev.yuedaowang.com/api/user/userRegAndLogin', 'parame': '{"cell":"13600000000","vcode":"709861","password":"B59C67BF196A4758191E42F76670CEBA"}', 'patype': 'JSON', 'method': 'POST', 'yq': '$..code=0\n$..msg=success'}, {'id': 'driverRegister_003', 'casename': '更新密码', 'preset': '', 'header': '', 'depend': '', 'url': 'https://dev.yuedaowang.com/api/user/createPassword', 'parame': '{\n  "password": "B59C67BF196A4758191E42F76670CEBA",\n  "vcode": "323211"\n}', 'patype': 'JSON', 'method': 'POST', 'yq': '$..code=0\n$..msg=success'}, {'id': 'driverRegister_004', 'casename': '查询用户信息', 'preset': '', 'header': '', 'depend': '', 'url': 'https://dev.yuedaowang.com/api/user/searchUser', 'parame': '', 'patype': 'JSON', 'method': 'GET', 'yq': '$..code=0\n$..msg=success'}]
[2020-07-21 21:34:48.796888] INFO: interface: 加载测试用例数据：[{'id': 'driverRegister_001', 'casename': '获取验证码', 'preset': '', 'header': '', 'depend': '', 'url': 'https://dev.yuedaowang.com/api/user/getVCode', 'parame': '{"cell":"13600000000"}', 'patype': 'JSON', 'method': 'POST', 'yq': '$..code=0\n$..msg=success\n$..data=验证码已经发送至您的手机'}, {'id': 'driverRegister_002', 'casename': '登录', 'preset': '', 'header': '', 'depend': '', 'url': 'https://dev.yuedaowang.com/api/user/userRegAndLogin', 'parame': '{"cell":"13600000000","vcode":"709861","password":"B59C67BF196A4758191E42F76670CEBA"}', 'patype': 'JSON', 'method': 'POST', 'yq': '$..code=0\n$..msg=success'}, {'id': 'driverRegister_003', 'casename': '更新密码', 'preset': '', 'header': '', 'depend': '', 'url': 'https://dev.yuedaowang.com/api/user/createPassword', 'parame': '{\n  "password": "B59C67BF196A4758191E42F76670CEBA",\n  "vcode": "323211"\n}', 'patype': 'JSON', 'method': 'POST', 'yq': '$..code=0\n$..msg=success'}, {'id': 'driverRegister_004', 'casename': '查询用户信息', 'preset': '', 'header': '', 'depend': '', 'url': 'https://dev.yuedaowang.com/api/user/searchUser', 'parame': '', 'patype': 'JSON', 'method': 'GET', 'yq': '$..code=0\n$..msg=success'}]
[2020-07-21 21:34:48.804666] INFO: interface: 测试用例开始执行
[2020-07-21 21:34:48.805747] INFO: interface: 运行位置:test_atest_api
[2020-07-21 21:34:48.807623] INFO: interface: 用例编号：driverRegister_001
[2020-07-21 21:34:48.808619] INFO: interface: 用例名称：获取验证码
[2020-07-21 21:34:48.810615] INFO: interface: 请求url：https://dev.yuedaowang.com/api/user/getVCode
[2020-07-21 21:34:48.811612] INFO: interface: 预置条件：
[2020-07-21 21:34:48.812610] INFO: interface: 预置header：
[2020-07-21 21:34:48.814604] INFO: interface: 依赖关系：
[2020-07-21 21:34:48.815720] INFO: interface: 请求参数：{"cell":"13600000000"}
[2020-07-21 21:34:48.817638] INFO: interface: 参数类型：JSON
[2020-07-21 21:34:48.818685] INFO: interface: 请求方式：POST
[2020-07-21 21:34:52.802235] INFO: interface: 请求结果：{"code":0,"msg":"success","data":"验证码已经发送至您的手机！544251"}
[2020-07-21 21:34:52.805169] INFO: interface: 预期结果：$..code=0||$..msg=success||$..data=验证码已经发送至您的手机
[2020-07-21 21:34:52.812202] INFO: interface: 断言成功：driverRegister_001
[2020-07-21 21:34:52.814199] INFO: interface: 测试用例执行完毕
[2020-07-21 21:34:52.816908] INFO: interface: ===========================================================================
[2020-07-21 21:34:52.819855] INFO: interface: 测试用例开始执行
[2020-07-21 21:34:52.821850] INFO: interface: 运行位置:test_atest_api
[2020-07-21 21:34:52.824890] INFO: interface: 用例编号：driverRegister_002
[2020-07-21 21:34:52.827722] INFO: interface: 用例名称：登录
[2020-07-21 21:34:52.829874] INFO: interface: 请求url：https://dev.yuedaowang.com/api/user/userRegAndLogin
[2020-07-21 21:34:52.831941] INFO: interface: 预置条件：
[2020-07-21 21:34:52.834657] INFO: interface: 预置header：
[2020-07-21 21:34:52.836942] INFO: interface: 依赖关系：
[2020-07-21 21:34:52.839691] INFO: interface: 请求参数：{"cell":"13600000000","vcode":"709861","password":"B59C67BF196A4758191E42F76670CEBA"}
[2020-07-21 21:34:52.841686] INFO: interface: 参数类型：JSON
[2020-07-21 21:34:52.844478] INFO: interface: 请求方式：POST
[2020-07-21 21:34:54.966842] INFO: interface: 请求结果：{"code":1,"msg":"登录失败！短信验证码错误","data":null}
[2020-07-21 21:34:54.969842] INFO: interface: 预期结果：$..code=0||$..msg=success
[2020-07-21 21:34:54.972836] INFO: interface: 测试用例执行完毕
[2020-07-21 21:34:54.975653] INFO: interface: ===========================================================================
[2020-07-21 21:34:55.094095] INFO: interface: 测试用例开始执行
[2020-07-21 21:34:55.097198] INFO: interface: 运行位置:test_atest_api
[2020-07-21 21:34:55.100188] INFO: interface: 用例编号：driverRegister_003
[2020-07-21 21:34:55.103178] INFO: interface: 用例名称：更新密码
[2020-07-21 21:34:55.106050] INFO: interface: 请求url：https://dev.yuedaowang.com/api/user/createPassword
[2020-07-21 21:34:55.107894] INFO: interface: 预置条件：
[2020-07-21 21:34:55.110887] INFO: interface: 预置header：
[2020-07-21 21:34:55.112882] INFO: interface: 依赖关系：
[2020-07-21 21:34:55.115709] INFO: interface: 请求参数：{
  "password": "B59C67BF196A4758191E42F76670CEBA",
  "vcode": "323211"
}
[2020-07-21 21:34:55.117723] INFO: interface: 参数类型：JSON
[2020-07-21 21:34:55.120528] INFO: interface: 请求方式：POST
[2020-07-21 21:34:57.275579] INFO: interface: 请求结果：{"code":1,"msg":"解析token异常！","data":"{\"error\":\"invalid_request\",\"error_description\":\"Authentication failed.\"}"}
[2020-07-21 21:34:57.278632] INFO: interface: 预期结果：$..code=0||$..msg=success
[2020-07-21 21:34:57.281620] INFO: interface: 测试用例执行完毕
[2020-07-21 21:34:57.284611] INFO: interface: ===========================================================================
[2020-07-21 21:34:57.288603] INFO: interface: 测试用例开始执行
[2020-07-21 21:34:57.290595] INFO: interface: 运行位置:test_atest_api
[2020-07-21 21:34:57.293589] INFO: interface: 用例编号：driverRegister_004
[2020-07-21 21:34:57.295544] INFO: interface: 用例名称：查询用户信息
[2020-07-21 21:34:57.298574] INFO: interface: 请求url：https://dev.yuedaowang.com/api/user/searchUser
[2020-07-21 21:34:57.300570] INFO: interface: 预置条件：
[2020-07-21 21:34:57.302692] INFO: interface: 预置header：
[2020-07-21 21:34:57.305514] INFO: interface: 依赖关系：
[2020-07-21 21:34:57.308512] INFO: interface: 请求参数：
[2020-07-21 21:34:57.310507] INFO: interface: 参数类型：JSON
[2020-07-21 21:34:57.313499] INFO: interface: 请求方式：GET
[2020-07-21 21:34:57.467654] INFO: interface: 测试用例执行完毕
[2020-07-21 21:34:57.471265] INFO: interface: ===========================================================================
[2020-07-21 21:34:57.475309] INFO: interface: 测试用例开始执行
[2020-07-21 21:34:57.477296] INFO: interface: 运行位置:test_atest_api
[2020-07-21 21:34:57.480289] INFO: interface: 用例编号：driverRegister_001
[2020-07-21 21:34:57.482536] INFO: interface: 用例名称：获取验证码
[2020-07-21 21:34:57.484972] INFO: interface: 请求url：https://dev.yuedaowang.com/api/user/getVCode
[2020-07-21 21:34:57.486927] INFO: interface: 预置条件：
[2020-07-21 21:34:57.490026] INFO: interface: 预置header：
[2020-07-21 21:34:57.493358] INFO: interface: 依赖关系：
[2020-07-21 21:34:57.495976] INFO: interface: 请求参数：{"cell":"13600000000"}
[2020-07-21 21:34:57.498965] INFO: interface: 参数类型：JSON
[2020-07-21 21:34:57.500960] INFO: interface: 请求方式：POST
[2020-07-21 21:34:59.868592] INFO: interface: 请求结果：{"code":0,"msg":"success","data":"验证码已经发送至您的手机！487964"}
[2020-07-21 21:34:59.871347] INFO: interface: 预期结果：$..code=0||$..msg=success||$..data=验证码已经发送至您的手机
[2020-07-21 21:34:59.875207] INFO: interface: 断言成功：driverRegister_001
[2020-07-21 21:34:59.878194] INFO: interface: 测试用例执行完毕
[2020-07-21 21:34:59.881384] INFO: interface: ===========================================================================
[2020-07-21 21:34:59.883177] INFO: interface: 测试用例开始执行
[2020-07-21 21:34:59.886544] INFO: interface: 运行位置:test_atest_api
[2020-07-21 21:34:59.888531] INFO: interface: 用例编号：driverRegister_002
[2020-07-21 21:34:59.891571] INFO: interface: 用例名称：登录
[2020-07-21 21:34:59.893566] INFO: interface: 请求url：https://dev.yuedaowang.com/api/user/userRegAndLogin
[2020-07-21 21:34:59.895555] INFO: interface: 预置条件：
[2020-07-21 21:34:59.898553] INFO: interface: 预置header：
[2020-07-21 21:34:59.900547] INFO: interface: 依赖关系：
[2020-07-21 21:34:59.902541] INFO: interface: 请求参数：{"cell":"13600000000","vcode":"709861","password":"B59C67BF196A4758191E42F76670CEBA"}
[2020-07-21 21:34:59.903609] INFO: interface: 参数类型：JSON
[2020-07-21 21:34:59.904664] INFO: interface: 请求方式：POST
[2020-07-21 21:35:02.024905] INFO: interface: 请求结果：{"code":1,"msg":"登录失败！短信验证码错误","data":null}
[2020-07-21 21:35:02.028896] INFO: interface: 预期结果：$..code=0||$..msg=success
[2020-07-21 21:35:02.032025] INFO: interface: 测试用例执行完毕
[2020-07-21 21:35:02.034732] INFO: interface: ===========================================================================
[2020-07-21 21:35:02.039704] INFO: interface: 测试用例开始执行
[2020-07-21 21:35:02.042905] INFO: interface: 运行位置:test_atest_api
[2020-07-21 21:35:02.044643] INFO: interface: 用例编号：driverRegister_003
[2020-07-21 21:35:02.047789] INFO: interface: 用例名称：更新密码
[2020-07-21 21:35:02.049525] INFO: interface: 请求url：https://dev.yuedaowang.com/api/user/createPassword
[2020-07-21 21:35:02.052518] INFO: interface: 预置条件：
[2020-07-21 21:35:02.054470] INFO: interface: 预置header：
[2020-07-21 21:35:02.056578] INFO: interface: 依赖关系：
[2020-07-21 21:35:02.059500] INFO: interface: 请求参数：{
  "password": "B59C67BF196A4758191E42F76670CEBA",
  "vcode": "323211"
}
[2020-07-21 21:35:02.061676] INFO: interface: 参数类型：JSON
[2020-07-21 21:35:02.062491] INFO: interface: 请求方式：POST
[2020-07-21 21:35:04.184597] INFO: interface: 请求结果：{"code":1,"msg":"解析token异常！","data":"{\"error\":\"invalid_request\",\"error_description\":\"Authentication failed.\"}"}
[2020-07-21 21:35:04.189133] INFO: interface: 预期结果：$..code=0||$..msg=success
[2020-07-21 21:35:04.192253] INFO: interface: 测试用例执行完毕
[2020-07-21 21:35:04.194962] INFO: interface: ===========================================================================
[2020-07-21 21:35:04.198042] INFO: interface: 测试用例开始执行
[2020-07-21 21:35:04.200895] INFO: interface: 运行位置:test_atest_api
[2020-07-21 21:35:04.203904] INFO: interface: 用例编号：driverRegister_004
[2020-07-21 21:35:04.206019] INFO: interface: 用例名称：查询用户信息
[2020-07-21 21:35:04.208808] INFO: interface: 请求url：https://dev.yuedaowang.com/api/user/searchUser
[2020-07-21 21:35:04.210898] INFO: interface: 预置条件：
[2020-07-21 21:35:04.212800] INFO: interface: 预置header：
[2020-07-21 21:35:04.215604] INFO: interface: 依赖关系：
[2020-07-21 21:35:04.217718] INFO: interface: 请求参数：
[2020-07-21 21:35:04.220593] INFO: interface: 参数类型：JSON
[2020-07-21 21:35:04.222587] INFO: interface: 请求方式：GET
[2020-07-21 21:35:04.415798] INFO: interface: 测试用例执行完毕
[2020-07-21 21:35:04.419746] INFO: interface: ===========================================================================
